TN:
SF:/Users/eddie/work/mobile/conference-app/App.js
FNF:0
FNH:0
LF:0
LH:0
BRF:0
BRH:0
end_of_record
TN:
SF:/Users/eddie/work/mobile/conference-app/react-native.config.js
FNF:0
FNH:0
DA:1,0
LF:1
LH:0
BRF:0
BRH:0
end_of_record
TN:
SF:/Users/eddie/work/mobile/conference-app/src/index.js
FN:13,(anonymous_0)
FN:20,(anonymous_1)
FN:36,(anonymous_2)
FNF:3
FNH:0
FNDA:0,(anonymous_0)
FNDA:0,(anonymous_1)
FNDA:0,(anonymous_2)
DA:10,0
DA:14,0
DA:15,0
DA:21,0
DA:33,0
DA:37,0
DA:38,0
DA:52,0
LF:8
LH:0
BRDA:42,0,0,0
BRDA:42,0,1,0
BRF:2
BRH:0
end_of_record
TN:
SF:/Users/eddie/work/mobile/conference-app/src/assets/colors/index.js
FNF:0
FNH:0
LF:0
LH:0
BRF:0
BRH:0
end_of_record
TN:
SF:/Users/eddie/work/mobile/conference-app/src/assets/theme/index.js
FNF:0
FNH:0
LF:0
LH:0
BRF:0
BRH:0
end_of_record
TN:
SF:/Users/eddie/work/mobile/conference-app/src/components/index.js
FNF:0
FNH:0
LF:0
LH:0
BRF:0
BRH:0
end_of_record
TN:
SF:/Users/eddie/work/mobile/conference-app/src/components/Alert/Alert.js
FN:11,(anonymous_0)
FN:20,(anonymous_1)
FN:24,(anonymous_2)
FNF:3
FNH:0
FNDA:0,(anonymous_0)
FNDA:0,(anonymous_1)
FNDA:0,(anonymous_2)
DA:12,0
DA:13,0
DA:17,0
DA:20,0
DA:21,0
DA:26,0
DA:27,0
DA:28,0
DA:29,0
DA:86,0
DA:92,0
LF:11
LH:0
BRDA:27,0,0,0
BRDA:27,0,1,0
BRDA:28,1,0,0
BRDA:28,1,1,0
BRDA:96,2,0,0
BRDA:96,2,1,0
BRF:6
BRH:0
end_of_record
TN:
SF:/Users/eddie/work/mobile/conference-app/src/components/Alert/ErrorAlert.js
FN:11,(anonymous_0)
FN:19,(anonymous_1)
FN:23,(anonymous_2)
FNF:3
FNH:0
FNDA:0,(anonymous_0)
FNDA:0,(anonymous_1)
FNDA:0,(anonymous_2)
DA:12,0
DA:13,0
DA:16,0
DA:19,0
DA:20,0
DA:25,0
DA:26,0
DA:28,0
DA:78,0
DA:84,0
LF:10
LH:0
BRDA:26,0,0,0
BRDA:26,0,1,0
BRDA:88,1,0,0
BRDA:88,1,1,0
BRF:4
BRH:0
end_of_record
TN:
SF:/Users/eddie/work/mobile/conference-app/src/components/Alert/SingleButtonAlert.js
FN:10,(anonymous_0)
FN:18,(anonymous_1)
FN:22,(anonymous_2)
FNF:3
FNH:0
FNDA:0,(anonymous_0)
FNDA:0,(anonymous_1)
FNDA:0,(anonymous_2)
DA:11,0
DA:12,0
DA:15,0
DA:18,0
DA:19,0
DA:24,0
DA:25,0
DA:27,0
DA:72,0
DA:78,0
LF:10
LH:0
BRDA:25,0,0,0
BRDA:25,0,1,0
BRDA:82,1,0,0
BRDA:82,1,1,0
BRF:4
BRH:0
end_of_record
TN:
SF:/Users/eddie/work/mobile/conference-app/src/components/Alert/SuccessAlert.js
FN:11,(anonymous_0)
FN:19,(anonymous_1)
FN:23,(anonymous_2)
FNF:3
FNH:0
FNDA:0,(anonymous_0)
FNDA:0,(anonymous_1)
FNDA:0,(anonymous_2)
DA:12,0
DA:13,0
DA:16,0
DA:19,0
DA:20,0
DA:25,0
DA:26,0
DA:28,0
DA:77,0
DA:83,0
LF:10
LH:0
BRDA:26,0,0,0
BRDA:26,0,1,0
BRDA:87,1,0,0
BRDA:87,1,1,0
BRF:4
BRH:0
end_of_record
TN:
SF:/Users/eddie/work/mobile/conference-app/src/components/Alert/index.js
FNF:0
FNH:0
LF:0
LH:0
BRF:0
BRH:0
end_of_record
TN:
SF:/Users/eddie/work/mobile/conference-app/src/components/Buttons/SubmitButton.js
FN:11,(anonymous_0)
FNF:1
FNH:0
FNDA:0,(anonymous_0)
DA:12,0
DA:13,0
DA:14,0
DA:15,0
DA:16,0
DA:43,0
DA:51,0
LF:7
LH:0
BRDA:13,0,0,0
BRDA:13,0,1,0
BRDA:14,1,0,0
BRDA:14,1,1,0
BRDA:15,2,0,0
BRDA:15,2,1,0
BRF:6
BRH:0
end_of_record
TN:
SF:/Users/eddie/work/mobile/conference-app/src/components/Buttons/index.js
FNF:0
FNH:0
LF:0
LH:0
BRF:0
BRH:0
end_of_record
TN:
SF:/Users/eddie/work/mobile/conference-app/src/components/Icons/Icons.js
FN:10,(anonymous_0)
FNF:1
FNH:0
FNDA:0,(anonymous_0)
DA:11,0
DA:12,0
DA:13,0
DA:15,0
DA:32,0
DA:40,0
LF:6
LH:0
BRDA:12,0,0,0
BRDA:12,0,1,0
BRDA:13,1,0,0
BRDA:13,1,1,0
BRF:4
BRH:0
end_of_record
TN:
SF:/Users/eddie/work/mobile/conference-app/src/components/Icons/index.js
FNF:0
FNH:0
LF:0
LH:0
BRF:0
BRH:0
end_of_record
TN:
SF:/Users/eddie/work/mobile/conference-app/src/components/OTPComponent/OtpInputs.js
FN:10,(anonymous_0)
FN:19,(anonymous_1)
FN:23,(anonymous_2)
FN:26,(anonymous_3)
FN:31,(anonymous_4)
FN:32,(anonymous_5)
FN:33,(anonymous_6)
FN:41,(anonymous_7)
FN:46,(anonymous_8)
FN:51,(anonymous_9)
FNF:10
FNH:0
FNDA:0,(anonymous_0)
FNDA:0,(anonymous_1)
FNDA:0,(anonymous_2)
FNDA:0,(anonymous_3)
FNDA:0,(anonymous_4)
FNDA:0,(anonymous_5)
FNDA:0,(anonymous_6)
FNDA:0,(anonymous_7)
FNDA:0,(anonymous_8)
FNDA:0,(anonymous_9)
DA:11,0
DA:13,0
DA:17,0
DA:20,0
DA:24,0
DA:25,0
DA:26,0
DA:31,0
DA:32,0
DA:33,0
DA:38,0
DA:42,0
DA:43,0
DA:47,0
DA:48,0
DA:52,0
DA:62,0
LF:17
LH:0
BRDA:42,0,0,0
BRDA:42,0,1,0
BRDA:42,1,0,0
BRDA:42,1,1,0
BRDA:47,2,0,0
BRDA:47,2,1,0
BRDA:47,3,0,0
BRDA:47,3,1,0
BRF:8
BRH:0
end_of_record
TN:
SF:/Users/eddie/work/mobile/conference-app/src/components/OTPComponent/index.js
FNF:0
FNH:0
LF:0
LH:0
BRF:0
BRH:0
end_of_record
TN:
SF:/Users/eddie/work/mobile/conference-app/src/components/Preloader/Preloader.js
FN:9,(anonymous_0)
FN:13,(anonymous_1)
FNF:2
FNH:0
FNDA:0,(anonymous_0)
FNDA:0,(anonymous_1)
DA:9,0
DA:10,0
DA:14,0
DA:15,0
DA:37,0
DA:42,0
LF:6
LH:0
BRF:0
BRH:0
end_of_record
TN:
SF:/Users/eddie/work/mobile/conference-app/src/components/Preloader/index.js
FNF:0
FNH:0
LF:0
LH:0
BRF:0
BRH:0
end_of_record
TN:
SF:/Users/eddie/work/mobile/conference-app/src/components/Text/Paragraph.js
FN:9,(anonymous_0)
FNF:1
FNH:0
FNDA:0,(anonymous_0)
DA:10,0
DA:11,0
DA:13,0
DA:32,0
LF:4
LH:0
BRDA:11,0,0,0
BRDA:11,0,1,0
BRF:2
BRH:0
end_of_record
TN:
SF:/Users/eddie/work/mobile/conference-app/src/components/Text/index.js
FNF:0
FNH:0
LF:0
LH:0
BRF:0
BRH:0
end_of_record
TN:
SF:/Users/eddie/work/mobile/conference-app/src/components/TextInput/InputField.js
FN:17,(anonymous_0)
FN:27,(anonymous_1)
FN:31,(anonymous_2)
FN:36,(anonymous_3)
FNF:4
FNH:0
FNDA:0,(anonymous_0)
FNDA:0,(anonymous_1)
FNDA:0,(anonymous_2)
FNDA:0,(anonymous_3)
DA:18,0
DA:19,0
DA:23,0
DA:24,0
DA:28,0
DA:31,0
DA:32,0
DA:33,0
DA:75,0
DA:77,0
DA:78,0
DA:79,0
DA:80,0
DA:81,0
DA:82,0
DA:83,0
DA:84,0
DA:85,0
DA:86,0
DA:91,0
DA:92,0
DA:95,0
DA:96,0
DA:97,0
DA:98,0
DA:99,0
DA:100,0
DA:104,0
DA:179,0
DA:208,0
LF:30
LH:0
BRDA:78,0,0,0
BRDA:78,0,1,0
BRDA:79,1,0,0
BRDA:79,1,1,0
BRDA:80,2,0,0
BRDA:80,2,1,0
BRDA:81,3,0,0
BRDA:81,3,1,0
BRDA:82,4,0,0
BRDA:82,4,1,0
BRDA:83,5,0,0
BRDA:83,5,1,0
BRDA:84,6,0,0
BRDA:84,6,1,0
BRDA:85,7,0,0
BRDA:85,7,1,0
BRDA:85,8,0,0
BRDA:85,8,1,0
BRDA:85,8,2,0
BRDA:91,9,0,0
BRDA:91,9,1,0
BRDA:95,10,0,0
BRDA:95,10,1,0
BRDA:97,11,0,0
BRDA:97,11,1,0
BRDA:99,12,0,0
BRDA:99,12,1,0
BRDA:149,13,0,0
BRDA:149,13,1,0
BRF:29
BRH:0
end_of_record
TN:
SF:/Users/eddie/work/mobile/conference-app/src/components/TextInput/TextInputBorder.js
FN:6,(anonymous_0)
FNF:1
FNH:0
FNDA:0,(anonymous_0)
DA:6,0
DA:7,0
DA:8,0
DA:21,0
LF:4
LH:0
BRDA:7,0,0,0
BRF:1
BRH:0
end_of_record
TN:
SF:/Users/eddie/work/mobile/conference-app/src/components/TextInput/index.js
FNF:0
FNH:0
LF:0
LH:0
BRF:0
BRH:0
end_of_record
TN:
SF:/Users/eddie/work/mobile/conference-app/src/components/TextInput/styles.js
FNF:0
FNH:0
DA:5,0
DA:6,0
LF:2
LH:0
BRF:0
BRH:0
end_of_record
TN:
SF:/Users/eddie/work/mobile/conference-app/src/redux/actions/AttendeeActions.js
FN:3,(anonymous_0)
FN:3,(anonymous_1)
FNF:2
FNH:0
FNDA:0,(anonymous_0)
FNDA:0,(anonymous_1)
DA:3,0
DA:4,0
LF:2
LH:0
BRF:0
BRH:0
end_of_record
TN:
SF:/Users/eddie/work/mobile/conference-app/src/redux/actions/AuthActions.js
FN:3,(anonymous_0)
FN:3,(anonymous_1)
FN:10,(anonymous_2)
FN:10,(anonymous_3)
FN:17,(anonymous_4)
FN:17,(anonymous_5)
FN:24,(anonymous_6)
FN:24,(anonymous_7)
FN:30,(anonymous_8)
FN:30,(anonymous_9)
FN:36,(anonymous_10)
FN:36,(anonymous_11)
FNF:12
FNH:0
FNDA:0,(anonymous_0)
FNDA:0,(anonymous_1)
FNDA:0,(anonymous_2)
FNDA:0,(anonymous_3)
FNDA:0,(anonymous_4)
FNDA:0,(anonymous_5)
FNDA:0,(anonymous_6)
FNDA:0,(anonymous_7)
FNDA:0,(anonymous_8)
FNDA:0,(anonymous_9)
FNDA:0,(anonymous_10)
FNDA:0,(anonymous_11)
DA:3,0
DA:4,0
DA:10,0
DA:11,0
DA:17,0
DA:18,0
DA:24,0
DA:25,0
DA:30,0
DA:31,0
DA:36,0
DA:37,0
LF:12
LH:0
BRF:0
BRH:0
end_of_record
TN:
SF:/Users/eddie/work/mobile/conference-app/src/redux/actions/EventActions.js
FN:3,(anonymous_0)
FN:3,(anonymous_1)
FNF:2
FNH:0
FNDA:0,(anonymous_0)
FNDA:0,(anonymous_1)
DA:3,0
DA:4,0
LF:2
LH:0
BRF:0
BRH:0
end_of_record
TN:
SF:/Users/eddie/work/mobile/conference-app/src/redux/actions/LoginActions.js
FN:3,(anonymous_0)
FN:3,(anonymous_1)
FN:10,(anonymous_2)
FN:10,(anonymous_3)
FN:17,(anonymous_4)
FN:17,(anonymous_5)
FN:24,(anonymous_6)
FN:24,(anonymous_7)
FN:32,(anonymous_8)
FN:32,(anonymous_9)
FN:38,(anonymous_10)
FN:38,(anonymous_11)
FNF:12
FNH:0
FNDA:0,(anonymous_0)
FNDA:0,(anonymous_1)
FNDA:0,(anonymous_2)
FNDA:0,(anonymous_3)
FNDA:0,(anonymous_4)
FNDA:0,(anonymous_5)
FNDA:0,(anonymous_6)
FNDA:0,(anonymous_7)
FNDA:0,(anonymous_8)
FNDA:0,(anonymous_9)
FNDA:0,(anonymous_10)
FNDA:0,(anonymous_11)
DA:3,0
DA:4,0
DA:10,0
DA:11,0
DA:17,0
DA:18,0
DA:24,0
DA:25,0
DA:32,0
DA:33,0
DA:38,0
DA:39,0
LF:12
LH:0
BRF:0
BRH:0
end_of_record
TN:
SF:/Users/eddie/work/mobile/conference-app/src/redux/actions/ProfileActions.js
FN:2,(anonymous_0)
FN:2,(anonymous_1)
FNF:2
FNH:0
FNDA:0,(anonymous_0)
FNDA:0,(anonymous_1)
DA:2,0
DA:3,0
LF:2
LH:0
BRF:0
BRH:0
end_of_record
TN:
SF:/Users/eddie/work/mobile/conference-app/src/redux/actions/ProgramActions.js
FN:3,(anonymous_0)
FN:3,(anonymous_1)
FNF:2
FNH:0
FNDA:0,(anonymous_0)
FNDA:0,(anonymous_1)
DA:3,0
DA:5,0
LF:2
LH:0
BRF:0
BRH:0
end_of_record
TN:
SF:/Users/eddie/work/mobile/conference-app/src/redux/actions/ResourceActions.js
FN:3,(anonymous_0)
FN:3,(anonymous_1)
FNF:2
FNH:0
FNDA:0,(anonymous_0)
FNDA:0,(anonymous_1)
DA:3,0
DA:4,0
LF:2
LH:0
BRF:0
BRH:0
end_of_record
TN:
SF:/Users/eddie/work/mobile/conference-app/src/redux/actions/SpeakerActions.js
FN:3,(anonymous_0)
FN:3,(anonymous_1)
FNF:2
FNH:0
FNDA:0,(anonymous_0)
FNDA:0,(anonymous_1)
DA:3,0
DA:4,0
LF:2
LH:0
BRF:0
BRH:0
end_of_record
TN:
SF:/Users/eddie/work/mobile/conference-app/src/redux/actions/SponsorActions.js
FN:3,(anonymous_0)
FN:3,(anonymous_1)
FNF:2
FNH:0
FNDA:0,(anonymous_0)
FNDA:0,(anonymous_1)
DA:3,0
DA:5,0
LF:2
LH:0
BRF:0
BRH:0
end_of_record
TN:
SF:/Users/eddie/work/mobile/conference-app/src/redux/actions/index.js
FNF:0
FNH:0
LF:0
LH:0
BRF:0
BRH:0
end_of_record
TN:
SF:/Users/eddie/work/mobile/conference-app/src/redux/actions/types.js
FNF:0
FNH:0
DA:1,0
DA:2,0
DA:3,0
DA:4,0
DA:5,0
DA:6,0
DA:7,0
DA:8,0
DA:9,0
DA:10,0
DA:11,0
DA:12,0
DA:13,0
LF:13
LH:0
BRF:0
BRH:0
end_of_record
TN:
SF:/Users/eddie/work/mobile/conference-app/src/redux/reducers/AttendeeReducer.js
FN:6,attendeeReducer
FNF:1
FNH:0
FNDA:0,attendeeReducer
DA:3,0
DA:7,0
DA:9,0
DA:13,0
LF:4
LH:0
BRDA:6,0,0,0
BRDA:7,1,0,0
BRDA:7,1,1,0
BRF:3
BRH:0
end_of_record
TN:
SF:/Users/eddie/work/mobile/conference-app/src/redux/reducers/AuthReducer.js
FN:11,authReducer
FNF:1
FNH:0
FNDA:0,authReducer
DA:3,0
DA:12,0
DA:14,0
DA:18,0
DA:22,0
DA:26,0
DA:31,0
DA:36,0
DA:40,0
LF:9
LH:0
BRDA:11,0,0,0
BRDA:12,1,0,0
BRDA:12,1,1,0
BRDA:12,1,2,0
BRDA:12,1,3,0
BRDA:12,1,4,0
BRDA:12,1,5,0
BRDA:12,1,6,0
BRF:8
BRH:0
end_of_record
TN:
SF:/Users/eddie/work/mobile/conference-app/src/redux/reducers/EventReducer.js
FN:5,EventReducer
FNF:1
FNH:0
FNDA:0,EventReducer
DA:2,0
DA:6,0
DA:8,0
DA:12,0
LF:4
LH:0
BRDA:5,0,0,0
BRDA:6,1,0,0
BRDA:6,1,1,0
BRF:3
BRH:0
end_of_record
TN:
SF:/Users/eddie/work/mobile/conference-app/src/redux/reducers/LoginReducer.js
FN:10,AuthReducer
FNF:1
FNH:0
FNDA:0,AuthReducer
DA:3,0
DA:11,0
DA:13,0
DA:17,0
DA:21,0
DA:25,0
DA:30,0
DA:35,0
DA:39,0
LF:9
LH:0
BRDA:10,0,0,0
BRDA:11,1,0,0
BRDA:11,1,1,0
BRDA:11,1,2,0
BRDA:11,1,3,0
BRDA:11,1,4,0
BRDA:11,1,5,0
BRDA:11,1,6,0
BRF:8
BRH:0
end_of_record
TN:
SF:/Users/eddie/work/mobile/conference-app/src/redux/reducers/ProfileReducer.js
FN:6,ProfileReducer
FNF:1
FNH:0
FNDA:0,ProfileReducer
DA:3,0
DA:7,0
DA:9,0
DA:13,0
LF:4
LH:0
BRDA:6,0,0,0
BRDA:7,1,0,0
BRDA:7,1,1,0
BRF:3
BRH:0
end_of_record
TN:
SF:/Users/eddie/work/mobile/conference-app/src/redux/reducers/ProgramReducer.js
FN:6,programReducer
FNF:1
FNH:0
FNDA:0,programReducer
DA:3,0
DA:7,0
DA:9,0
DA:13,0
LF:4
LH:0
BRDA:6,0,0,0
BRDA:7,1,0,0
BRDA:7,1,1,0
BRF:3
BRH:0
end_of_record
TN:
SF:/Users/eddie/work/mobile/conference-app/src/redux/reducers/ResourceReducer.js
FN:6,resourceReducer
FNF:1
FNH:0
FNDA:0,resourceReducer
DA:3,0
DA:7,0
DA:9,0
DA:13,0
LF:4
LH:0
BRDA:6,0,0,0
BRDA:7,1,0,0
BRDA:7,1,1,0
BRF:3
BRH:0
end_of_record
TN:
SF:/Users/eddie/work/mobile/conference-app/src/redux/reducers/SpeakerReducer.js
FN:6,speakerReducer
FNF:1
FNH:0
FNDA:0,speakerReducer
DA:3,0
DA:7,0
DA:9,0
DA:13,0
LF:4
LH:0
BRDA:6,0,0,0
BRDA:7,1,0,0
BRDA:7,1,1,0
BRF:3
BRH:0
end_of_record
TN:
SF:/Users/eddie/work/mobile/conference-app/src/redux/reducers/SponsorReducer.js
FN:5,sponsorReducer
FNF:1
FNH:0
FNDA:0,sponsorReducer
DA:2,0
DA:6,0
DA:8,0
DA:12,0
LF:4
LH:0
BRDA:5,0,0,0
BRDA:6,1,0,0
BRDA:6,1,1,0
BRF:3
BRH:0
end_of_record
TN:
SF:/Users/eddie/work/mobile/conference-app/src/redux/reducers/index.js
FNF:0
FNH:0
LF:0
LH:0
BRF:0
BRH:0
end_of_record
TN:
SF:/Users/eddie/work/mobile/conference-app/src/redux/store/index.js
FNF:0
FNH:0
DA:5,0
DA:6,0
LF:2
LH:0
BRF:0
BRH:0
end_of_record
TN:
SF:/Users/eddie/work/mobile/conference-app/src/routes/index.js
FN:146,(anonymous_0)
FN:153,(anonymous_1)
FNF:2
FNH:0
FNDA:0,(anonymous_0)
FNDA:0,(anonymous_1)
DA:37,0
DA:107,0
DA:146,0
DA:154,0
DA:156,0
DA:157,0
DA:158,0
DA:161,0
DA:163,0
DA:168,0
DA:173,0
DA:178,0
DA:183,0
DA:184,0
DA:185,0
DA:187,0
DA:188,0
DA:189,0
DA:230,0
DA:348,0
LF:20
LH:0
BRDA:161,0,0,0
BRDA:161,0,1,0
BRDA:187,1,0,0
BRDA:187,1,1,0
BRDA:188,2,0,0
BRDA:188,2,1,0
BRF:6
BRH:0
end_of_record
TN:
SF:/Users/eddie/work/mobile/conference-app/src/screens/index.js
FNF:0
FNH:0
LF:0
LH:0
BRF:0
BRH:0
end_of_record
TN:
SF:/Users/eddie/work/mobile/conference-app/src/screens/About/About.js
FN:12,(anonymous_0)
FN:22,(anonymous_1)
FN:25,(anonymous_2)
FN:28,(anonymous_3)
FN:31,(anonymous_4)
FN:34,(anonymous_5)
FN:38,(anonymous_6)
FNF:7
FNH:0
FNDA:0,(anonymous_0)
FNDA:0,(anonymous_1)
FNDA:0,(anonymous_2)
FNDA:0,(anonymous_3)
FNDA:0,(anonymous_4)
FNDA:0,(anonymous_5)
FNDA:0,(anonymous_6)
DA:13,0
DA:14,0
DA:22,0
DA:23,0
DA:25,0
DA:26,0
DA:28,0
DA:29,0
DA:31,0
DA:32,0
DA:34,0
DA:35,0
DA:39,0
LF:13
LH:0
BRF:0
BRH:0
end_of_record
TN:
SF:/Users/eddie/work/mobile/conference-app/src/screens/About/index.js
FNF:0
FNH:0
LF:0
LH:0
BRF:0
BRH:0
end_of_record
TN:
SF:/Users/eddie/work/mobile/conference-app/src/screens/About/styles.js
FNF:0
FNH:0
DA:2,0
LF:1
LH:0
BRDA:13,0,0,0
BRDA:13,0,1,0
BRF:2
BRH:0
end_of_record
TN:
SF:/Users/eddie/work/mobile/conference-app/src/screens/AboutConference/AboutConference.js
FN:12,(anonymous_0)
FN:22,(anonymous_1)
FN:26,(anonymous_2)
FN:33,(anonymous_3)
FN:108,(anonymous_4)
FNF:5
FNH:0
FNDA:0,(anonymous_0)
FNDA:0,(anonymous_1)
FNDA:0,(anonymous_2)
FNDA:0,(anonymous_3)
FNDA:0,(anonymous_4)
DA:9,0
DA:13,0
DA:14,0
DA:20,0
DA:22,0
DA:23,0
DA:27,0
DA:29,0
DA:31,0
DA:33,0
DA:35,0
DA:41,0
DA:44,0
DA:108,0
DA:109,0
LF:15
LH:0
BRF:0
BRH:0
end_of_record
TN:
SF:/Users/eddie/work/mobile/conference-app/src/screens/AboutConference/index.js
FNF:0
FNH:0
LF:0
LH:0
BRF:0
BRH:0
end_of_record
TN:
SF:/Users/eddie/work/mobile/conference-app/src/screens/AboutConference/styles.js
FNF:0
FNH:0
DA:2,0
LF:1
LH:0
BRDA:107,0,0,0
BRDA:107,0,1,0
BRDA:108,1,0,0
BRDA:108,1,1,0
BRF:4
BRH:0
end_of_record
TN:
SF:/Users/eddie/work/mobile/conference-app/src/screens/ActivateEmail/ActivateEmail.js
FN:12,(anonymous_0)
FN:21,(anonymous_1)
FN:33,(anonymous_2)
FN:46,(anonymous_3)
FN:50,(anonymous_4)
FN:61,(anonymous_5)
FN:90,(anonymous_6)
FNF:7
FNH:0
FNDA:0,(anonymous_0)
FNDA:0,(anonymous_1)
FNDA:0,(anonymous_2)
FNDA:0,(anonymous_3)
FNDA:0,(anonymous_4)
FNDA:0,(anonymous_5)
FNDA:0,(anonymous_6)
DA:13,0
DA:14,0
DA:22,0
DA:23,0
DA:26,0
DA:27,0
DA:28,0
DA:33,0
DA:34,0
DA:42,0
DA:46,0
DA:47,0
DA:50,0
DA:51,0
DA:56,0
DA:60,0
DA:62,0
DA:63,0
DA:71,0
DA:72,0
DA:76,0
DA:79,0
DA:91,0
DA:92,0
DA:93,0
DA:107,0
LF:26
LH:0
BRDA:27,0,0,0
BRDA:27,0,1,0
BRDA:62,1,0,0
BRDA:62,1,1,0
BRDA:71,2,0,0
BRDA:71,2,1,0
BRDA:92,3,0,0
BRDA:92,3,1,0
BRDA:92,4,0,0
BRDA:92,4,1,0
BRF:10
BRH:0
end_of_record
TN:
SF:/Users/eddie/work/mobile/conference-app/src/screens/ActivateEmail/ExpireSvg.js
FN:4,(anonymous_0)
FNF:1
FNH:0
FNDA:0,(anonymous_0)
DA:4,0
DA:5,0
LF:2
LH:0
BRF:0
BRH:0
end_of_record
TN:
SF:/Users/eddie/work/mobile/conference-app/src/screens/ActivateEmail/index.js
FNF:0
FNH:0
LF:0
LH:0
BRF:0
BRH:0
end_of_record
TN:
SF:/Users/eddie/work/mobile/conference-app/src/screens/ActivateEmail/styles.js
FNF:0
FNH:0
DA:2,0
LF:1
LH:0
BRDA:13,0,0,0
BRDA:13,0,1,0
BRF:2
BRH:0
end_of_record
TN:
SF:/Users/eddie/work/mobile/conference-app/src/screens/AllDone/AllDone.js
FN:11,(anonymous_0)
FN:17,(anonymous_1)
FN:18,(anonymous_2)
FN:24,(anonymous_3)
FNF:4
FNH:0
FNDA:0,(anonymous_0)
FNDA:0,(anonymous_1)
FNDA:0,(anonymous_2)
FNDA:0,(anonymous_3)
DA:12,0
DA:13,0
DA:18,0
DA:19,0
DA:25,0
LF:5
LH:0
BRF:0
BRH:0
end_of_record
TN:
SF:/Users/eddie/work/mobile/conference-app/src/screens/AllDone/HoldHands.js
FN:12,(anonymous_0)
FNF:1
FNH:0
FNDA:0,(anonymous_0)
DA:12,0
DA:13,0
LF:2
LH:0
BRF:0
BRH:0
end_of_record
TN:
SF:/Users/eddie/work/mobile/conference-app/src/screens/AllDone/index.js
FNF:0
FNH:0
LF:0
LH:0
BRF:0
BRH:0
end_of_record
TN:
SF:/Users/eddie/work/mobile/conference-app/src/screens/AllDone/styles.js
FNF:0
FNH:0
DA:2,0
LF:1
LH:0
BRF:0
BRH:0
end_of_record
TN:
SF:/Users/eddie/work/mobile/conference-app/src/screens/BoardingScreen/BoardingScreen.js
FN:44,(anonymous_0)
FN:53,(anonymous_1)
FN:67,(anonymous_2)
FN:73,(anonymous_3)
FN:80,(anonymous_4)
FN:106,(anonymous_5)
FN:126,(anonymous_6)
FN:138,(anonymous_7)
FN:152,(anonymous_8)
FN:166,(anonymous_9)
FN:170,(anonymous_10)
FN:174,(anonymous_11)
FN:181,(anonymous_12)
FN:218,(anonymous_13)
FN:239,(anonymous_14)
FN:240,(anonymous_15)
FN:253,(anonymous_16)
FN:259,(anonymous_17)
FN:261,(anonymous_18)
FNF:19
FNH:0
FNDA:0,(anonymous_0)
FNDA:0,(anonymous_1)
FNDA:0,(anonymous_2)
FNDA:0,(anonymous_3)
FNDA:0,(anonymous_4)
FNDA:0,(anonymous_5)
FNDA:0,(anonymous_6)
FNDA:0,(anonymous_7)
FNDA:0,(anonymous_8)
FNDA:0,(anonymous_9)
FNDA:0,(anonymous_10)
FNDA:0,(anonymous_11)
FNDA:0,(anonymous_12)
FNDA:0,(anonymous_13)
FNDA:0,(anonymous_14)
FNDA:0,(anonymous_15)
FNDA:0,(anonymous_16)
FNDA:0,(anonymous_17)
FNDA:0,(anonymous_18)
DA:13,0
DA:18,0
DA:45,0
DA:46,0
DA:53,0
DA:54,0
DA:62,0
DA:68,0
DA:69,0
DA:70,0
DA:73,0
DA:80,0
DA:81,0
DA:84,0
DA:88,0
DA:91,0
DA:92,0
DA:96,0
DA:97,0
DA:101,0
DA:103,0
DA:106,0
DA:107,0
DA:126,0
DA:127,0
DA:138,0
DA:139,0
DA:152,0
DA:153,0
DA:154,0
DA:155,0
DA:156,0
DA:157,0
DA:160,0
DA:166,0
DA:167,0
DA:170,0
DA:171,0
DA:174,0
DA:176,0
DA:180,0
DA:182,0
DA:183,0
DA:185,0
DA:186,0
DA:187,0
DA:190,0
DA:192,0
DA:193,0
DA:196,0
DA:199,0
DA:202,0
DA:208,0
DA:220,0
DA:221,0
DA:222,0
DA:230,0
DA:239,0
DA:240,0
DA:253,0
DA:254,0
DA:259,0
DA:260,0
DA:261,0
LF:64
LH:0
BRDA:88,0,0,0
BRDA:88,0,1,0
BRDA:96,1,0,0
BRDA:96,1,1,0
BRDA:156,2,0,0
BRDA:156,2,1,0
BRDA:183,3,0,0
BRDA:183,3,1,0
BRDA:186,4,0,0
BRDA:186,4,1,0
BRDA:186,5,0,0
BRDA:186,5,1,0
BRDA:192,6,0,0
BRDA:192,6,1,0
BRDA:221,7,0,0
BRDA:221,7,1,0
BRF:16
BRH:0
end_of_record
TN:
SF:/Users/eddie/work/mobile/conference-app/src/screens/BoardingScreen/Curve.js
FN:4,(anonymous_0)
FNF:1
FNH:0
FNDA:0,(anonymous_0)
DA:4,0
DA:5,0
LF:2
LH:0
BRF:0
BRH:0
end_of_record
TN:
SF:/Users/eddie/work/mobile/conference-app/src/screens/BoardingScreen/index.js
FNF:0
FNH:0
LF:0
LH:0
BRF:0
BRH:0
end_of_record
TN:
SF:/Users/eddie/work/mobile/conference-app/src/screens/BoardingScreen/styles.js
FNF:0
FNH:0
DA:2,0
DA:3,0
DA:4,0
DA:8,0
LF:4
LH:0
BRF:0
BRH:0
end_of_record
TN:
SF:/Users/eddie/work/mobile/conference-app/src/screens/DashBoard/DashBoard.js
FN:21,(anonymous_0)
FN:36,(anonymous_1)
FN:41,(anonymous_2)
FN:47,(anonymous_3)
FN:55,(anonymous_4)
FN:68,(anonymous_5)
FN:78,(anonymous_6)
FN:89,(anonymous_7)
FN:100,(anonymous_8)
FN:116,(anonymous_9)
FN:121,(anonymous_10)
FN:125,(anonymous_11)
FN:128,(anonymous_12)
FN:131,(anonymous_13)
FN:134,(anonymous_14)
FN:137,(anonymous_15)
FN:140,(anonymous_16)
FN:144,(anonymous_17)
FN:159,(anonymous_18)
FN:389,(anonymous_19)
FN:395,(anonymous_20)
FN:397,(anonymous_21)
FN:398,(anonymous_22)
FN:399,(anonymous_23)
FN:400,(anonymous_24)
FN:401,(anonymous_25)
FN:402,(anonymous_26)
FNF:27
FNH:0
FNDA:0,(anonymous_0)
FNDA:0,(anonymous_1)
FNDA:0,(anonymous_2)
FNDA:0,(anonymous_3)
FNDA:0,(anonymous_4)
FNDA:0,(anonymous_5)
FNDA:0,(anonymous_6)
FNDA:0,(anonymous_7)
FNDA:0,(anonymous_8)
FNDA:0,(anonymous_9)
FNDA:0,(anonymous_10)
FNDA:0,(anonymous_11)
FNDA:0,(anonymous_12)
FNDA:0,(anonymous_13)
FNDA:0,(anonymous_14)
FNDA:0,(anonymous_15)
FNDA:0,(anonymous_16)
FNDA:0,(anonymous_17)
FNDA:0,(anonymous_18)
FNDA:0,(anonymous_19)
FNDA:0,(anonymous_20)
FNDA:0,(anonymous_21)
FNDA:0,(anonymous_22)
FNDA:0,(anonymous_23)
FNDA:0,(anonymous_24)
FNDA:0,(anonymous_25)
FNDA:0,(anonymous_26)
DA:16,0
DA:19,0
DA:22,0
DA:23,0
DA:37,0
DA:38,0
DA:41,0
DA:42,0
DA:47,0
DA:48,0
DA:50,0
DA:54,0
DA:56,0
DA:58,0
DA:59,0
DA:60,0
DA:61,0
DA:62,0
DA:63,0
DA:64,0
DA:68,0
DA:69,0
DA:70,0
DA:75,0
DA:79,0
DA:89,0
DA:90,0
DA:92,0
DA:99,0
DA:101,0
DA:102,0
DA:109,0
DA:121,0
DA:122,0
DA:125,0
DA:126,0
DA:128,0
DA:129,0
DA:131,0
DA:132,0
DA:134,0
DA:135,0
DA:137,0
DA:138,0
DA:140,0
DA:141,0
DA:145,0
DA:146,0
DA:147,0
DA:155,0
DA:157,0
DA:159,0
DA:161,0
DA:167,0
DA:170,0
DA:389,0
DA:390,0
DA:395,0
DA:396,0
DA:397,0
DA:398,0
DA:399,0
DA:400,0
DA:401,0
DA:402,0
LF:65
LH:0
BRDA:56,0,0,0
BRDA:56,0,1,0
BRDA:69,1,0,0
BRDA:69,1,1,0
BRDA:101,2,0,0
BRDA:101,2,1,0
BRDA:146,3,0,0
BRDA:146,3,1,0
BRF:8
BRH:0
end_of_record
TN:
SF:/Users/eddie/work/mobile/conference-app/src/screens/DashBoard/index.js
FNF:0
FNH:0
LF:0
LH:0
BRF:0
BRH:0
end_of_record
TN:
SF:/Users/eddie/work/mobile/conference-app/src/screens/DashBoard/styles.js
FNF:0
FNH:0
DA:2,0
LF:1
LH:0
BRF:0
BRH:0
end_of_record
TN:
SF:/Users/eddie/work/mobile/conference-app/src/screens/ForgetPassword/ForgetPassword.js
FN:12,(anonymous_0)
FN:25,(anonymous_1)
FN:28,(anonymous_2)
FN:32,(anonymous_3)
FN:49,(anonymous_4)
FN:55,(anonymous_5)
FN:67,(anonymous_6)
FN:86,(anonymous_7)
FN:109,(anonymous_8)
FNF:9
FNH:0
FNDA:0,(anonymous_0)
FNDA:0,(anonymous_1)
FNDA:0,(anonymous_2)
FNDA:0,(anonymous_3)
FNDA:0,(anonymous_4)
FNDA:0,(anonymous_5)
FNDA:0,(anonymous_6)
FNDA:0,(anonymous_7)
FNDA:0,(anonymous_8)
DA:13,0
DA:14,0
DA:25,0
DA:26,0
DA:28,0
DA:29,0
DA:32,0
DA:33,0
DA:34,0
DA:40,0
DA:41,0
DA:49,0
DA:50,0
DA:55,0
DA:56,0
DA:58,0
DA:59,0
DA:62,0
DA:67,0
DA:68,0
DA:70,0
DA:71,0
DA:77,0
DA:81,0
DA:85,0
DA:88,0
DA:89,0
DA:98,0
DA:101,0
DA:110,0
DA:111,0
LF:31
LH:0
BRDA:33,0,0,0
BRDA:33,0,1,0
BRDA:40,1,0,0
BRDA:40,1,1,0
BRDA:58,2,0,0
BRDA:58,2,1,0
BRDA:70,3,0,0
BRDA:70,3,1,0
BRDA:88,4,0,0
BRDA:88,4,1,0
BRF:10
BRH:0
end_of_record
TN:
SF:/Users/eddie/work/mobile/conference-app/src/screens/ForgetPassword/LockSvg.js
FN:4,(anonymous_0)
FNF:1
FNH:0
FNDA:0,(anonymous_0)
DA:4,0
DA:5,0
LF:2
LH:0
BRF:0
BRH:0
end_of_record
TN:
SF:/Users/eddie/work/mobile/conference-app/src/screens/ForgetPassword/index.js
FNF:0
FNH:0
LF:0
LH:0
BRF:0
BRH:0
end_of_record
TN:
SF:/Users/eddie/work/mobile/conference-app/src/screens/ForgetPassword/styles.js
FNF:0
FNH:0
LF:0
LH:0
BRDA:14,0,0,0
BRDA:14,0,1,0
BRF:2
BRH:0
end_of_record
TN:
SF:/Users/eddie/work/mobile/conference-app/src/screens/Help/Help.js
FN:12,(anonymous_0)
FN:21,(anonymous_1)
FN:28,(anonymous_2)
FNF:3
FNH:0
FNDA:0,(anonymous_0)
FNDA:0,(anonymous_1)
FNDA:0,(anonymous_2)
DA:13,0
DA:14,0
DA:21,0
DA:24,0
DA:29,0
LF:5
LH:0
BRF:0
BRH:0
end_of_record
TN:
SF:/Users/eddie/work/mobile/conference-app/src/screens/Help/index.js
FNF:0
FNH:0
LF:0
LH:0
BRF:0
BRH:0
end_of_record
TN:
SF:/Users/eddie/work/mobile/conference-app/src/screens/Help/styles.js
FNF:0
FNH:0
DA:2,0
LF:1
LH:0
BRF:0
BRH:0
end_of_record
TN:
SF:/Users/eddie/work/mobile/conference-app/src/screens/LastPage/LastPage.js
FN:10,(anonymous_0)
FN:15,(anonymous_1)
FN:19,(anonymous_2)
FN:28,(anonymous_3)
FN:32,(anonymous_4)
FNF:5
FNH:0
FNDA:0,(anonymous_0)
FNDA:0,(anonymous_1)
FNDA:0,(anonymous_2)
FNDA:0,(anonymous_3)
FNDA:0,(anonymous_4)
DA:11,0
DA:12,0
DA:15,0
DA:16,0
DA:20,0
DA:28,0
DA:32,0
LF:7
LH:0
BRF:0
BRH:0
end_of_record
TN:
SF:/Users/eddie/work/mobile/conference-app/src/screens/LastPage/LastPageSvg.js
FN:12,(anonymous_0)
FNF:1
FNH:0
FNDA:0,(anonymous_0)
DA:12,0
DA:13,0
LF:2
LH:0
BRF:0
BRH:0
end_of_record
TN:
SF:/Users/eddie/work/mobile/conference-app/src/screens/LastPage/index.js
FNF:0
FNH:0
LF:0
LH:0
BRF:0
BRH:0
end_of_record
TN:
SF:/Users/eddie/work/mobile/conference-app/src/screens/LastPage/styles.js
FNF:0
FNH:0
DA:2,0
LF:1
LH:0
BRF:0
BRH:0
end_of_record
TN:
SF:/Users/eddie/work/mobile/conference-app/src/screens/LinkExpire/ExpireSvg.js
FN:4,(anonymous_0)
FNF:1
FNH:0
FNDA:0,(anonymous_0)
DA:4,0
DA:5,0
LF:2
LH:0
BRF:0
BRH:0
end_of_record
TN:
SF:/Users/eddie/work/mobile/conference-app/src/screens/LinkExpire/LinkExpire.js
FN:12,(anonymous_0)
FN:22,(anonymous_1)
FN:31,(anonymous_2)
FN:37,(anonymous_3)
FN:50,(anonymous_4)
FN:61,(anonymous_5)
FN:85,(anonymous_6)
FNF:7
FNH:0
FNDA:0,(anonymous_0)
FNDA:0,(anonymous_1)
FNDA:0,(anonymous_2)
FNDA:0,(anonymous_3)
FNDA:0,(anonymous_4)
FNDA:0,(anonymous_5)
FNDA:0,(anonymous_6)
DA:13,0
DA:14,0
DA:23,0
DA:24,0
DA:31,0
DA:32,0
DA:37,0
DA:38,0
DA:47,0
DA:50,0
DA:51,0
DA:56,0
DA:60,0
DA:62,0
DA:63,0
DA:64,0
DA:66,0
DA:74,0
DA:86,0
DA:88,0
LF:20
LH:0
BRDA:62,0,0,0
BRDA:62,0,1,0
BRDA:63,1,0,0
BRDA:63,1,1,0
BRF:4
BRH:0
end_of_record
TN:
SF:/Users/eddie/work/mobile/conference-app/src/screens/LinkExpire/index.js
FNF:0
FNH:0
LF:0
LH:0
BRF:0
BRH:0
end_of_record
TN:
SF:/Users/eddie/work/mobile/conference-app/src/screens/LinkExpire/styles.js
FNF:0
FNH:0
DA:2,0
LF:1
LH:0
BRDA:13,0,0,0
BRDA:13,0,1,0
BRF:2
BRH:0
end_of_record
TN:
SF:/Users/eddie/work/mobile/conference-app/src/screens/Login/Login.js
FN:16,(anonymous_0)
FN:34,(anonymous_1)
FN:46,(anonymous_2)
FN:58,(anonymous_3)
FN:71,(anonymous_4)
FN:78,(anonymous_5)
FN:86,(anonymous_6)
FN:92,(anonymous_7)
FN:97,(anonymous_8)
FN:101,(anonymous_9)
FN:107,(anonymous_10)
FN:123,(anonymous_11)
FN:139,(anonymous_12)
FN:150,(anonymous_13)
FN:153,(anonymous_14)
FN:158,(anonymous_15)
FN:184,(anonymous_16)
FN:218,(anonymous_17)
FN:255,(anonymous_18)
FN:256,(anonymous_19)
FN:257,(anonymous_20)
FN:279,(anonymous_21)
FN:282,(anonymous_22)
FN:283,(anonymous_23)
FN:284,(anonymous_24)
FN:331,(anonymous_25)
FN:336,(anonymous_26)
FN:338,(anonymous_27)
FNF:28
FNH:0
FNDA:0,(anonymous_0)
FNDA:0,(anonymous_1)
FNDA:0,(anonymous_2)
FNDA:0,(anonymous_3)
FNDA:0,(anonymous_4)
FNDA:0,(anonymous_5)
FNDA:0,(anonymous_6)
FNDA:0,(anonymous_7)
FNDA:0,(anonymous_8)
FNDA:0,(anonymous_9)
FNDA:0,(anonymous_10)
FNDA:0,(anonymous_11)
FNDA:0,(anonymous_12)
FNDA:0,(anonymous_13)
FNDA:0,(anonymous_14)
FNDA:0,(anonymous_15)
FNDA:0,(anonymous_16)
FNDA:0,(anonymous_17)
FNDA:0,(anonymous_18)
FNDA:0,(anonymous_19)
FNDA:0,(anonymous_20)
FNDA:0,(anonymous_21)
FNDA:0,(anonymous_22)
FNDA:0,(anonymous_23)
FNDA:0,(anonymous_24)
FNDA:0,(anonymous_25)
FNDA:0,(anonymous_26)
FNDA:0,(anonymous_27)
DA:17,0
DA:18,0
DA:31,0
DA:36,0
DA:37,0
DA:38,0
DA:41,0
DA:42,0
DA:47,0
DA:48,0
DA:58,0
DA:59,0
DA:68,0
DA:71,0
DA:72,0
DA:78,0
DA:79,0
DA:86,0
DA:87,0
DA:92,0
DA:93,0
DA:101,0
DA:102,0
DA:107,0
DA:108,0
DA:109,0
DA:115,0
DA:116,0
DA:123,0
DA:124,0
DA:125,0
DA:131,0
DA:132,0
DA:139,0
DA:140,0
DA:142,0
DA:143,0
DA:146,0
DA:150,0
DA:151,0
DA:153,0
DA:154,0
DA:158,0
DA:159,0
DA:160,0
DA:161,0
DA:166,0
DA:167,0
DA:174,0
DA:178,0
DA:183,0
DA:185,0
DA:186,0
DA:187,0
DA:188,0
DA:189,0
DA:192,0
DA:194,0
DA:195,0
DA:196,0
DA:199,0
DA:205,0
DA:219,0
DA:221,0
DA:255,0
DA:256,0
DA:258,0
DA:279,0
DA:282,0
DA:283,0
DA:285,0
DA:331,0
DA:332,0
DA:336,0
DA:337,0
DA:338,0
LF:76
LH:0
BRDA:36,0,0,0
BRDA:36,0,1,0
BRDA:108,1,0,0
BRDA:108,1,1,0
BRDA:115,2,0,0
BRDA:115,2,1,0
BRDA:124,3,0,0
BRDA:124,3,1,0
BRDA:131,4,0,0
BRDA:131,4,1,0
BRDA:142,5,0,0
BRDA:142,5,1,0
BRDA:142,6,0,0
BRDA:142,6,1,0
BRDA:160,7,0,0
BRDA:160,7,1,0
BRDA:166,8,0,0
BRDA:166,8,1,0
BRDA:185,9,0,0
BRDA:185,9,1,0
BRDA:187,10,0,0
BRDA:187,10,1,0
BRDA:194,11,0,0
BRDA:194,11,1,0
BRDA:234,12,0,0
BRDA:234,12,1,0
BRDA:258,13,0,0
BRDA:258,13,1,0
BRDA:262,14,0,0
BRDA:262,14,1,0
BRF:30
BRH:0
end_of_record
TN:
SF:/Users/eddie/work/mobile/conference-app/src/screens/Login/index.js
FNF:0
FNH:0
LF:0
LH:0
BRF:0
BRH:0
end_of_record
TN:
SF:/Users/eddie/work/mobile/conference-app/src/screens/Login/styles.js
FNF:0
FNH:0
DA:2,0
DA:4,0
DA:5,0
LF:3
LH:0
BRDA:21,0,0,0
BRDA:21,0,1,0
BRDA:22,1,0,0
BRDA:22,1,1,0
BRDA:164,2,0,0
BRDA:164,2,1,0
BRDA:179,3,0,0
BRDA:179,3,1,0
BRF:8
BRH:0
end_of_record
TN:
SF:/Users/eddie/work/mobile/conference-app/src/screens/Logout/Logout.js
FN:8,(anonymous_0)
FN:15,(anonymous_1)
FN:16,(anonymous_2)
FN:21,(anonymous_3)
FNF:4
FNH:0
FNDA:0,(anonymous_0)
FNDA:0,(anonymous_1)
FNDA:0,(anonymous_2)
FNDA:0,(anonymous_3)
DA:9,0
DA:10,0
DA:16,0
DA:17,0
DA:18,0
DA:22,0
DA:23,0
LF:7
LH:0
BRF:0
BRH:0
end_of_record
TN:
SF:/Users/eddie/work/mobile/conference-app/src/screens/Logout/index.js
FNF:0
FNH:0
LF:0
LH:0
BRF:0
BRH:0
end_of_record
TN:
SF:/Users/eddie/work/mobile/conference-app/src/screens/Logout/styles.js
FNF:0
FNH:0
LF:0
LH:0
BRF:0
BRH:0
end_of_record
TN:
SF:/Users/eddie/work/mobile/conference-app/src/screens/MyPrograms/MyPrograms.js
FN:11,(anonymous_0)
FN:20,(anonymous_1)
FNF:2
FNH:0
FNDA:0,(anonymous_0)
FNDA:0,(anonymous_1)
DA:12,0
DA:13,0
DA:21,0
DA:22,0
LF:4
LH:0
BRF:0
BRH:0
end_of_record
TN:
SF:/Users/eddie/work/mobile/conference-app/src/screens/MyPrograms/index.js
FNF:0
FNH:0
LF:0
LH:0
BRF:0
BRH:0
end_of_record
TN:
SF:/Users/eddie/work/mobile/conference-app/src/screens/MyPrograms/styles.js
FNF:0
FNH:0
DA:2,0
LF:1
LH:0
BRF:0
BRH:0
end_of_record
TN:
SF:/Users/eddie/work/mobile/conference-app/src/screens/Navigations/CustomSidebarMenu.js
FN:17,(anonymous_0)
FN:41,(anonymous_1)
FN:61,(anonymous_2)
FN:81,(anonymous_3)
FN:108,(anonymous_4)
FN:122,(anonymous_5)
FNF:6
FNH:0
FNDA:0,(anonymous_0)
FNDA:0,(anonymous_1)
FNDA:0,(anonymous_2)
FNDA:0,(anonymous_3)
FNDA:0,(anonymous_4)
FNDA:0,(anonymous_5)
DA:10,0
DA:11,0
DA:14,0
DA:18,0
DA:19,0
DA:41,0
DA:42,0
DA:43,0
DA:48,0
DA:49,0
DA:55,0
DA:62,0
DA:82,0
DA:109,0
DA:110,0
DA:122,0
DA:123,0
LF:17
LH:0
BRDA:42,0,0,0
BRDA:42,0,1,0
BRDA:48,1,0,0
BRDA:48,1,1,0
BRDA:88,2,0,0
BRDA:88,2,1,0
BRDA:89,3,0,0
BRDA:89,3,1,0
BRDA:105,4,0,0
BRDA:105,4,1,0
BRF:10
BRH:0
end_of_record
TN:
SF:/Users/eddie/work/mobile/conference-app/src/screens/Navigations/Navigations.js
FN:33,(anonymous_0)
FN:38,(anonymous_1)
FN:152,(anonymous_2)
FN:163,(anonymous_3)
FN:174,(anonymous_4)
FN:185,(anonymous_5)
FN:196,(anonymous_6)
FNF:7
FNH:0
FNDA:0,(anonymous_0)
FNDA:0,(anonymous_1)
FNDA:0,(anonymous_2)
FNDA:0,(anonymous_3)
FNDA:0,(anonymous_4)
FNDA:0,(anonymous_5)
FNDA:0,(anonymous_6)
DA:33,0
DA:35,0
DA:39,0
DA:55,0
DA:65,0
DA:93,0
DA:103,0
DA:145,0
DA:147,0
DA:153,0
DA:164,0
DA:175,0
DA:186,0
DA:197,0
DA:222,0
LF:15
LH:0
BRF:0
BRH:0
end_of_record
TN:
SF:/Users/eddie/work/mobile/conference-app/src/screens/Navigations/index.js
FNF:0
FNH:0
LF:0
LH:0
BRF:0
BRH:0
end_of_record
TN:
SF:/Users/eddie/work/mobile/conference-app/src/screens/Navigations/styles.js
FNF:0
FNH:0
DA:2,0
LF:1
LH:0
BRDA:93,0,0,0
BRDA:93,0,1,0
BRDA:121,1,0,0
BRDA:121,1,1,0
BRDA:128,2,0,0
BRDA:128,2,1,0
BRF:6
BRH:0
end_of_record
TN:
SF:/Users/eddie/work/mobile/conference-app/src/screens/Notification/Notification.js
FN:12,(anonymous_0)
FN:21,(anonymous_1)
FN:28,(anonymous_2)
FNF:3
FNH:0
FNDA:0,(anonymous_0)
FNDA:0,(anonymous_1)
FNDA:0,(anonymous_2)
DA:13,0
DA:14,0
DA:21,0
DA:24,0
DA:29,0
LF:5
LH:0
BRF:0
BRH:0
end_of_record
TN:
SF:/Users/eddie/work/mobile/conference-app/src/screens/Notification/index.js
FNF:0
FNH:0
LF:0
LH:0
BRF:0
BRH:0
end_of_record
TN:
SF:/Users/eddie/work/mobile/conference-app/src/screens/Notification/styles.js
FNF:0
FNH:0
DA:2,0
LF:1
LH:0
BRF:0
BRH:0
end_of_record
TN:
SF:/Users/eddie/work/mobile/conference-app/src/screens/OnboardingBio/OnboardingBio.js
FN:16,(anonymous_0)
FN:44,(anonymous_1)
FN:61,(anonymous_2)
FN:69,(anonymous_3)
FN:73,(anonymous_4)
FN:77,(anonymous_5)
FN:82,(anonymous_6)
FN:83,(anonymous_7)
FN:88,(anonymous_8)
FN:89,(anonymous_9)
FN:94,(anonymous_10)
FN:95,(anonymous_11)
FN:100,(anonymous_12)
FN:105,(anonymous_13)
FN:111,(anonymous_14)
FN:123,(anonymous_15)
FN:128,(anonymous_16)
FN:135,(anonymous_17)
FN:140,(anonymous_18)
FN:146,(anonymous_19)
FN:152,(anonymous_20)
FN:159,(anonymous_21)
FN:185,(anonymous_22)
FN:201,(anonymous_23)
FN:270,(anonymous_24)
FN:281,(anonymous_25)
FN:282,(anonymous_26)
FN:299,(anonymous_27)
FN:321,(anonymous_28)
FN:323,(anonymous_29)
FN:324,(anonymous_30)
FN:337,(anonymous_31)
FN:369,(anonymous_32)
FN:370,(anonymous_33)
FN:371,(anonymous_34)
FN:401,(anonymous_35)
FN:405,(anonymous_36)
FN:406,(anonymous_37)
FN:407,(anonymous_38)
FN:487,(anonymous_39)
FN:494,(anonymous_40)
FN:496,(anonymous_41)
FNF:42
FNH:0
FNDA:0,(anonymous_0)
FNDA:0,(anonymous_1)
FNDA:0,(anonymous_2)
FNDA:0,(anonymous_3)
FNDA:0,(anonymous_4)
FNDA:0,(anonymous_5)
FNDA:0,(anonymous_6)
FNDA:0,(anonymous_7)
FNDA:0,(anonymous_8)
FNDA:0,(anonymous_9)
FNDA:0,(anonymous_10)
FNDA:0,(anonymous_11)
FNDA:0,(anonymous_12)
FNDA:0,(anonymous_13)
FNDA:0,(anonymous_14)
FNDA:0,(anonymous_15)
FNDA:0,(anonymous_16)
FNDA:0,(anonymous_17)
FNDA:0,(anonymous_18)
FNDA:0,(anonymous_19)
FNDA:0,(anonymous_20)
FNDA:0,(anonymous_21)
FNDA:0,(anonymous_22)
FNDA:0,(anonymous_23)
FNDA:0,(anonymous_24)
FNDA:0,(anonymous_25)
FNDA:0,(anonymous_26)
FNDA:0,(anonymous_27)
FNDA:0,(anonymous_28)
FNDA:0,(anonymous_29)
FNDA:0,(anonymous_30)
FNDA:0,(anonymous_31)
FNDA:0,(anonymous_32)
FNDA:0,(anonymous_33)
FNDA:0,(anonymous_34)
FNDA:0,(anonymous_35)
FNDA:0,(anonymous_36)
FNDA:0,(anonymous_37)
FNDA:0,(anonymous_38)
FNDA:0,(anonymous_39)
FNDA:0,(anonymous_40)
FNDA:0,(anonymous_41)
DA:17,0
DA:18,0
DA:45,0
DA:46,0
DA:47,0
DA:55,0
DA:61,0
DA:62,0
DA:66,0
DA:69,0
DA:70,0
DA:73,0
DA:74,0
DA:77,0
DA:78,0
DA:82,0
DA:83,0
DA:88,0
DA:89,0
DA:94,0
DA:95,0
DA:100,0
DA:101,0
DA:105,0
DA:107,0
DA:108,0
DA:110,0
DA:111,0
DA:114,0
DA:117,0
DA:123,0
DA:124,0
DA:128,0
DA:129,0
DA:135,0
DA:136,0
DA:140,0
DA:141,0
DA:146,0
DA:147,0
DA:152,0
DA:153,0
DA:159,0
DA:161,0
DA:162,0
DA:164,0
DA:165,0
DA:170,0
DA:171,0
DA:177,0
DA:181,0
DA:182,0
DA:186,0
DA:188,0
DA:190,0
DA:195,0
DA:201,0
DA:270,0
DA:282,0
DA:299,0
DA:321,0
DA:324,0
DA:337,0
DA:369,0
DA:370,0
DA:372,0
DA:401,0
DA:405,0
DA:406,0
DA:487,0
DA:488,0
DA:494,0
DA:495,0
DA:496,0
LF:74
LH:0
BRDA:164,0,0,0
BRDA:164,0,1,0
BRDA:170,1,0,0
BRDA:170,1,1,0
BRDA:347,2,0,0
BRDA:347,2,1,0
BRDA:372,3,0,0
BRDA:372,3,1,0
BRDA:387,4,0,0
BRDA:387,4,1,0
BRF:10
BRH:0
end_of_record
TN:
SF:/Users/eddie/work/mobile/conference-app/src/screens/OnboardingBio/index.js
FNF:0
FNH:0
LF:0
LH:0
BRF:0
BRH:0
end_of_record
TN:
SF:/Users/eddie/work/mobile/conference-app/src/screens/OnboardingBio/styles.js
FNF:0
FNH:0
DA:2,0
LF:1
LH:0
BRDA:13,0,0,0
BRDA:13,0,1,0
BRDA:121,1,0,0
BRDA:121,1,1,0
BRDA:134,2,0,0
BRDA:134,2,1,0
BRDA:180,3,0,0
BRDA:180,3,1,0
BRDA:224,4,0,0
BRDA:224,4,1,0
BRDA:278,5,0,0
BRDA:278,5,1,0
BRDA:316,6,0,0
BRDA:316,6,1,0
BRF:14
BRH:0
end_of_record
TN:
SF:/Users/eddie/work/mobile/conference-app/src/screens/OnboardingProfile/OnboardingProfile.js
FN:16,(anonymous_0)
FN:51,(anonymous_1)
FN:75,(anonymous_2)
FN:81,(anonymous_3)
FN:99,(anonymous_4)
FN:122,(anonymous_5)
FN:126,(anonymous_6)
FN:140,(anonymous_7)
FN:162,(anonymous_8)
FN:170,(anonymous_9)
FN:196,(anonymous_10)
FN:220,(anonymous_11)
FN:235,(anonymous_12)
FN:251,(anonymous_13)
FN:259,(anonymous_14)
FN:263,(anonymous_15)
FN:267,(anonymous_16)
FN:273,(anonymous_17)
FN:362,(anonymous_18)
FN:373,(anonymous_19)
FN:374,(anonymous_20)
FN:411,(anonymous_21)
FN:412,(anonymous_22)
FN:413,(anonymous_23)
FN:453,(anonymous_24)
FN:454,(anonymous_25)
FN:455,(anonymous_26)
FN:456,(anonymous_27)
FN:507,(anonymous_28)
FN:513,(anonymous_29)
FN:515,(anonymous_30)
FNF:31
FNH:0
FNDA:0,(anonymous_0)
FNDA:0,(anonymous_1)
FNDA:0,(anonymous_2)
FNDA:0,(anonymous_3)
FNDA:0,(anonymous_4)
FNDA:0,(anonymous_5)
FNDA:0,(anonymous_6)
FNDA:0,(anonymous_7)
FNDA:0,(anonymous_8)
FNDA:0,(anonymous_9)
FNDA:0,(anonymous_10)
FNDA:0,(anonymous_11)
FNDA:0,(anonymous_12)
FNDA:0,(anonymous_13)
FNDA:0,(anonymous_14)
FNDA:0,(anonymous_15)
FNDA:0,(anonymous_16)
FNDA:0,(anonymous_17)
FNDA:0,(anonymous_18)
FNDA:0,(anonymous_19)
FNDA:0,(anonymous_20)
FNDA:0,(anonymous_21)
FNDA:0,(anonymous_22)
FNDA:0,(anonymous_23)
FNDA:0,(anonymous_24)
FNDA:0,(anonymous_25)
FNDA:0,(anonymous_26)
FNDA:0,(anonymous_27)
FNDA:0,(anonymous_28)
FNDA:0,(anonymous_29)
FNDA:0,(anonymous_30)
DA:17,0
DA:18,0
DA:53,0
DA:54,0
DA:55,0
DA:56,0
DA:66,0
DA:75,0
DA:76,0
DA:81,0
DA:84,0
DA:87,0
DA:88,0
DA:95,0
DA:99,0
DA:102,0
DA:103,0
DA:107,0
DA:108,0
DA:112,0
DA:122,0
DA:123,0
DA:126,0
DA:127,0
DA:131,0
DA:132,0
DA:133,0
DA:139,0
DA:142,0
DA:146,0
DA:147,0
DA:150,0
DA:162,0
DA:163,0
DA:164,0
DA:169,0
DA:172,0
DA:176,0
DA:177,0
DA:178,0
DA:182,0
DA:186,0
DA:196,0
DA:198,0
DA:199,0
DA:200,0
DA:205,0
DA:206,0
DA:212,0
DA:215,0
DA:216,0
DA:220,0
DA:221,0
DA:222,0
DA:228,0
DA:229,0
DA:235,0
DA:236,0
DA:237,0
DA:243,0
DA:244,0
DA:251,0
DA:252,0
DA:256,0
DA:259,0
DA:260,0
DA:263,0
DA:264,0
DA:267,0
DA:268,0
DA:274,0
DA:275,0
DA:286,0
DA:362,0
DA:374,0
DA:411,0
DA:412,0
DA:414,0
DA:453,0
DA:454,0
DA:455,0
DA:457,0
DA:507,0
DA:508,0
DA:513,0
DA:514,0
DA:515,0
LF:87
LH:0
BRDA:87,0,0,0
BRDA:87,0,1,0
BRDA:107,1,0,0
BRDA:107,1,1,0
BRDA:146,2,0,0
BRDA:146,2,1,0
BRDA:176,3,0,0
BRDA:176,3,1,0
BRDA:199,4,0,0
BRDA:199,4,1,0
BRDA:205,5,0,0
BRDA:205,5,1,0
BRDA:221,6,0,0
BRDA:221,6,1,0
BRDA:228,7,0,0
BRDA:228,7,1,0
BRDA:236,8,0,0
BRDA:236,8,1,0
BRDA:243,9,0,0
BRDA:243,9,1,0
BRDA:307,10,0,0
BRDA:307,10,1,0
BRDA:307,11,0,0
BRDA:307,11,1,0
BRDA:387,12,0,0
BRDA:387,12,1,0
BRDA:414,13,0,0
BRDA:414,13,1,0
BRDA:429,14,0,0
BRDA:429,14,1,0
BRF:30
BRH:0
end_of_record
TN:
SF:/Users/eddie/work/mobile/conference-app/src/screens/OnboardingProfile/index.js
FNF:0
FNH:0
LF:0
LH:0
BRF:0
BRH:0
end_of_record
TN:
SF:/Users/eddie/work/mobile/conference-app/src/screens/OnboardingProfile/styles.js
FNF:0
FNH:0
DA:2,0
LF:1
LH:0
BRDA:14,0,0,0
BRDA:14,0,1,0
BRDA:28,1,0,0
BRDA:28,1,1,0
BRDA:84,2,0,0
BRDA:84,2,1,0
BRDA:160,3,0,0
BRDA:160,3,1,0
BRDA:179,4,0,0
BRDA:179,4,1,0
BRDA:231,5,0,0
BRDA:231,5,1,0
BRDA:248,6,0,0
BRDA:248,6,1,0
BRDA:251,7,0,0
BRDA:251,7,1,0
BRDA:256,8,0,0
BRDA:256,8,1,0
BRDA:300,9,0,0
BRDA:300,9,1,0
BRF:20
BRH:0
end_of_record
TN:
SF:/Users/eddie/work/mobile/conference-app/src/screens/OnboardingSocial/OnboardingSocial.js
FN:15,(anonymous_0)
FN:19,(anonymous_1)
FN:55,(anonymous_2)
FN:58,(anonymous_3)
FN:66,(anonymous_4)
FN:97,(anonymous_5)
FN:101,(anonymous_6)
FN:117,(anonymous_7)
FN:123,(anonymous_8)
FN:128,(anonymous_9)
FN:134,(anonymous_10)
FN:138,(anonymous_11)
FN:152,(anonymous_12)
FN:157,(anonymous_13)
FN:165,(anonymous_14)
FN:169,(anonymous_15)
FN:170,(anonymous_16)
FN:176,(anonymous_17)
FN:177,(anonymous_18)
FN:183,(anonymous_19)
FN:184,(anonymous_20)
FN:190,(anonymous_21)
FN:191,(anonymous_22)
FN:197,(anonymous_23)
FN:231,(anonymous_24)
FN:255,(anonymous_25)
FN:269,(anonymous_26)
FN:304,(anonymous_27)
FN:307,(anonymous_28)
FN:311,(anonymous_29)
FN:326,(anonymous_30)
FN:331,(anonymous_31)
FN:332,(anonymous_32)
FN:333,(anonymous_33)
FN:336,(anonymous_34)
FN:348,(anonymous_35)
FN:350,(anonymous_36)
FN:368,(anonymous_37)
FN:370,(anonymous_38)
FN:371,(anonymous_39)
FN:384,(anonymous_40)
FN:408,(anonymous_41)
FN:413,(anonymous_42)
FN:419,(anonymous_43)
FN:420,(anonymous_44)
FN:421,(anonymous_45)
FN:465,(anonymous_46)
FN:475,(anonymous_47)
FN:476,(anonymous_48)
FN:477,(anonymous_49)
FN:478,(anonymous_50)
FN:485,(anonymous_51)
FN:487,(anonymous_52)
FN:521,(anonymous_53)
FN:531,(anonymous_54)
FN:532,(anonymous_55)
FN:533,(anonymous_56)
FN:534,(anonymous_57)
FN:540,(anonymous_58)
FN:542,(anonymous_59)
FN:576,(anonymous_60)
FN:586,(anonymous_61)
FN:587,(anonymous_62)
FN:588,(anonymous_63)
FN:589,(anonymous_64)
FN:595,(anonymous_65)
FN:597,(anonymous_66)
FN:631,(anonymous_67)
FN:641,(anonymous_68)
FN:642,(anonymous_69)
FN:643,(anonymous_70)
FN:644,(anonymous_71)
FN:651,(anonymous_72)
FN:653,(anonymous_73)
FN:705,(anonymous_74)
FNF:75
FNH:0
FNDA:0,(anonymous_0)
FNDA:0,(anonymous_1)
FNDA:0,(anonymous_2)
FNDA:0,(anonymous_3)
FNDA:0,(anonymous_4)
FNDA:0,(anonymous_5)
FNDA:0,(anonymous_6)
FNDA:0,(anonymous_7)
FNDA:0,(anonymous_8)
FNDA:0,(anonymous_9)
FNDA:0,(anonymous_10)
FNDA:0,(anonymous_11)
FNDA:0,(anonymous_12)
FNDA:0,(anonymous_13)
FNDA:0,(anonymous_14)
FNDA:0,(anonymous_15)
FNDA:0,(anonymous_16)
FNDA:0,(anonymous_17)
FNDA:0,(anonymous_18)
FNDA:0,(anonymous_19)
FNDA:0,(anonymous_20)
FNDA:0,(anonymous_21)
FNDA:0,(anonymous_22)
FNDA:0,(anonymous_23)
FNDA:0,(anonymous_24)
FNDA:0,(anonymous_25)
FNDA:0,(anonymous_26)
FNDA:0,(anonymous_27)
FNDA:0,(anonymous_28)
FNDA:0,(anonymous_29)
FNDA:0,(anonymous_30)
FNDA:0,(anonymous_31)
FNDA:0,(anonymous_32)
FNDA:0,(anonymous_33)
FNDA:0,(anonymous_34)
FNDA:0,(anonymous_35)
FNDA:0,(anonymous_36)
FNDA:0,(anonymous_37)
FNDA:0,(anonymous_38)
FNDA:0,(anonymous_39)
FNDA:0,(anonymous_40)
FNDA:0,(anonymous_41)
FNDA:0,(anonymous_42)
FNDA:0,(anonymous_43)
FNDA:0,(anonymous_44)
FNDA:0,(anonymous_45)
FNDA:0,(anonymous_46)
FNDA:0,(anonymous_47)
FNDA:0,(anonymous_48)
FNDA:0,(anonymous_49)
FNDA:0,(anonymous_50)
FNDA:0,(anonymous_51)
FNDA:0,(anonymous_52)
FNDA:0,(anonymous_53)
FNDA:0,(anonymous_54)
FNDA:0,(anonymous_55)
FNDA:0,(anonymous_56)
FNDA:0,(anonymous_57)
FNDA:0,(anonymous_58)
FNDA:0,(anonymous_59)
FNDA:0,(anonymous_60)
FNDA:0,(anonymous_61)
FNDA:0,(anonymous_62)
FNDA:0,(anonymous_63)
FNDA:0,(anonymous_64)
FNDA:0,(anonymous_65)
FNDA:0,(anonymous_66)
FNDA:0,(anonymous_67)
FNDA:0,(anonymous_68)
FNDA:0,(anonymous_69)
FNDA:0,(anonymous_70)
FNDA:0,(anonymous_71)
FNDA:0,(anonymous_72)
FNDA:0,(anonymous_73)
FNDA:0,(anonymous_74)
DA:14,0
DA:15,0
DA:20,0
DA:21,0
DA:57,0
DA:58,0
DA:59,0
DA:67,0
DA:68,0
DA:70,0
DA:71,0
DA:88,0
DA:89,0
DA:97,0
DA:98,0
DA:101,0
DA:102,0
DA:103,0
DA:109,0
DA:110,0
DA:117,0
DA:118,0
DA:124,0
DA:130,0
DA:131,0
DA:133,0
DA:134,0
DA:137,0
DA:138,0
DA:141,0
DA:145,0
DA:153,0
DA:158,0
DA:162,0
DA:165,0
DA:169,0
DA:170,0
DA:176,0
DA:177,0
DA:183,0
DA:184,0
DA:190,0
DA:191,0
DA:197,0
DA:200,0
DA:202,0
DA:203,0
DA:204,0
DA:205,0
DA:206,0
DA:207,0
DA:208,0
DA:209,0
DA:210,0
DA:212,0
DA:213,0
DA:219,0
DA:223,0
DA:230,0
DA:233,0
DA:237,0
DA:238,0
DA:241,0
DA:242,0
DA:245,0
DA:258,0
DA:260,0
DA:261,0
DA:269,0
DA:304,0
DA:307,0
DA:311,0
DA:326,0
DA:331,0
DA:332,0
DA:334,0
DA:337,0
DA:339,0
DA:342,0
DA:368,0
DA:371,0
DA:384,0
DA:408,0
DA:413,0
DA:419,0
DA:420,0
DA:422,0
DA:465,0
DA:475,0
DA:476,0
DA:477,0
DA:479,0
DA:521,0
DA:531,0
DA:532,0
DA:533,0
DA:535,0
DA:576,0
DA:586,0
DA:587,0
DA:588,0
DA:590,0
DA:631,0
DA:641,0
DA:642,0
DA:643,0
DA:645,0
DA:705,0
DA:706,0
LF:109
LH:0
BRDA:58,0,0,0
BRDA:58,0,1,0
BRDA:102,1,0,0
BRDA:102,1,1,0
BRDA:109,2,0,0
BRDA:109,2,1,0
BRDA:203,3,0,0
BRDA:203,3,1,0
BRDA:212,4,0,0
BRDA:212,4,1,0
BRDA:237,5,0,0
BRDA:237,5,1,0
BRDA:299,6,0,0
BRDA:299,6,1,0
BRDA:327,7,0,0
BRDA:327,7,1,0
BRDA:328,8,0,0
BRDA:328,8,1,0
BRDA:334,9,0,0
BRDA:334,9,1,0
BRDA:337,10,0,0
BRDA:337,10,1,0
BRDA:394,11,0,0
BRDA:394,11,1,0
BRDA:422,12,0,0
BRDA:422,12,1,0
BRDA:452,13,0,0
BRDA:452,13,1,0
BRDA:479,14,0,0
BRDA:479,14,1,0
BRDA:508,15,0,0
BRDA:508,15,1,0
BRDA:535,16,0,0
BRDA:535,16,1,0
BRDA:563,17,0,0
BRDA:563,17,1,0
BRDA:590,18,0,0
BRDA:590,18,1,0
BRDA:618,19,0,0
BRDA:618,19,1,0
BRF:40
BRH:0
end_of_record
TN:
SF:/Users/eddie/work/mobile/conference-app/src/screens/OnboardingSocial/index.js
FNF:0
FNH:0
LF:0
LH:0
BRF:0
BRH:0
end_of_record
TN:
SF:/Users/eddie/work/mobile/conference-app/src/screens/OnboardingSocial/styles.js
FNF:0
FNH:0
LF:0
LH:0
BRDA:53,0,0,0
BRDA:53,0,1,0
BRDA:90,1,0,0
BRDA:90,1,1,0
BRDA:184,2,0,0
BRDA:184,2,1,0
BRDA:188,3,0,0
BRDA:188,3,1,0
BRF:8
BRH:0
end_of_record
TN:
SF:/Users/eddie/work/mobile/conference-app/src/screens/Organisers/Organisers.js
FN:13,(anonymous_0)
FN:33,(anonymous_1)
FN:36,(anonymous_2)
FN:52,(anonymous_3)
FN:57,(anonymous_4)
FN:74,(anonymous_5)
FN:89,(anonymous_6)
FN:101,(anonymous_7)
FN:101,(anonymous_8)
FN:117,(anonymous_9)
FN:130,(anonymous_10)
FN:140,(anonymous_11)
FN:256,(anonymous_12)
FN:256,(anonymous_13)
FN:268,(anonymous_14)
FN:268,(anonymous_15)
FN:280,(anonymous_16)
FN:280,(anonymous_17)
FN:292,(anonymous_18)
FN:292,(anonymous_19)
FN:314,(anonymous_20)
FN:341,(anonymous_21)
FNF:22
FNH:0
FNDA:0,(anonymous_0)
FNDA:0,(anonymous_1)
FNDA:0,(anonymous_2)
FNDA:0,(anonymous_3)
FNDA:0,(anonymous_4)
FNDA:0,(anonymous_5)
FNDA:0,(anonymous_6)
FNDA:0,(anonymous_7)
FNDA:0,(anonymous_8)
FNDA:0,(anonymous_9)
FNDA:0,(anonymous_10)
FNDA:0,(anonymous_11)
FNDA:0,(anonymous_12)
FNDA:0,(anonymous_13)
FNDA:0,(anonymous_14)
FNDA:0,(anonymous_15)
FNDA:0,(anonymous_16)
FNDA:0,(anonymous_17)
FNDA:0,(anonymous_18)
FNDA:0,(anonymous_19)
FNDA:0,(anonymous_20)
FNDA:0,(anonymous_21)
DA:10,0
DA:14,0
DA:15,0
DA:27,0
DA:28,0
DA:31,0
DA:33,0
DA:34,0
DA:36,0
DA:37,0
DA:38,0
DA:44,0
DA:45,0
DA:52,0
DA:53,0
DA:57,0
DA:58,0
DA:59,0
DA:65,0
DA:66,0
DA:74,0
DA:76,0
DA:77,0
DA:78,0
DA:79,0
DA:82,0
DA:85,0
DA:90,0
DA:91,0
DA:92,0
DA:101,0
DA:107,0
DA:118,0
DA:119,0
DA:120,0
DA:131,0
DA:132,0
DA:133,0
DA:137,0
DA:138,0
DA:140,0
DA:142,0
DA:148,0
DA:151,0
DA:256,0
DA:268,0
DA:280,0
DA:292,0
DA:314,0
DA:341,0
DA:342,0
LF:51
LH:0
BRDA:37,0,0,0
BRDA:37,0,1,0
BRDA:44,1,0,0
BRDA:44,1,1,0
BRDA:58,2,0,0
BRDA:58,2,1,0
BRDA:65,3,0,0
BRDA:65,3,1,0
BRDA:78,4,0,0
BRDA:78,4,1,0
BRDA:91,5,0,0
BRDA:91,5,1,0
BRDA:119,6,0,0
BRDA:119,6,1,0
BRDA:119,7,0,0
BRDA:119,7,1,0
BRDA:119,7,2,0
BRDA:119,7,3,0
BRDA:132,8,0,0
BRDA:132,8,1,0
BRDA:133,9,0,0
BRDA:133,9,1,0
BRDA:199,10,0,0
BRDA:199,10,1,0
BRDA:203,11,0,0
BRDA:203,11,1,0
BRDA:215,12,0,0
BRDA:215,12,1,0
BRDA:227,13,0,0
BRDA:227,13,1,0
BRDA:232,14,0,0
BRDA:232,14,1,0
BRDA:240,15,0,0
BRDA:240,15,1,0
BRDA:250,16,0,0
BRDA:250,16,1,0
BRDA:263,17,0,0
BRDA:263,17,1,0
BRDA:275,18,0,0
BRDA:275,18,1,0
BRDA:287,19,0,0
BRDA:287,19,1,0
BRDA:302,20,0,0
BRDA:302,20,1,0
BRDA:312,21,0,0
BRDA:312,21,1,0
BRF:46
BRH:0
end_of_record
TN:
SF:/Users/eddie/work/mobile/conference-app/src/screens/Organisers/index.js
FNF:0
FNH:0
LF:0
LH:0
BRF:0
BRH:0
end_of_record
TN:
SF:/Users/eddie/work/mobile/conference-app/src/screens/Organisers/styles.js
FNF:0
FNH:0
LF:0
LH:0
BRDA:106,0,0,0
BRDA:106,0,1,0
BRDA:107,1,0,0
BRDA:107,1,1,0
BRF:4
BRH:0
end_of_record
TN:
SF:/Users/eddie/work/mobile/conference-app/src/screens/People/People.js
FN:12,(anonymous_0)
FN:22,(anonymous_1)
FN:26,(anonymous_2)
FN:35,(anonymous_3)
FN:44,(anonymous_4)
FN:61,(anonymous_5)
FN:65,(anonymous_6)
FN:78,(anonymous_7)
FN:81,(anonymous_8)
FN:86,(anonymous_9)
FN:90,(anonymous_10)
FN:96,(anonymous_11)
FN:107,(anonymous_12)
FN:115,(anonymous_13)
FN:126,(anonymous_14)
FN:137,(anonymous_15)
FN:170,(anonymous_16)
FN:183,(anonymous_17)
FN:196,(anonymous_18)
FNF:19
FNH:0
FNDA:0,(anonymous_0)
FNDA:0,(anonymous_1)
FNDA:0,(anonymous_2)
FNDA:0,(anonymous_3)
FNDA:0,(anonymous_4)
FNDA:0,(anonymous_5)
FNDA:0,(anonymous_6)
FNDA:0,(anonymous_7)
FNDA:0,(anonymous_8)
FNDA:0,(anonymous_9)
FNDA:0,(anonymous_10)
FNDA:0,(anonymous_11)
FNDA:0,(anonymous_12)
FNDA:0,(anonymous_13)
FNDA:0,(anonymous_14)
FNDA:0,(anonymous_15)
FNDA:0,(anonymous_16)
FNDA:0,(anonymous_17)
FNDA:0,(anonymous_18)
DA:13,0
DA:14,0
DA:17,0
DA:23,0
DA:25,0
DA:26,0
DA:27,0
DA:28,0
DA:35,0
DA:36,0
DA:37,0
DA:44,0
DA:45,0
DA:46,0
DA:54,0
DA:55,0
DA:58,0
DA:61,0
DA:62,0
DA:65,0
DA:66,0
DA:67,0
DA:69,0
DA:71,0
DA:78,0
DA:79,0
DA:82,0
DA:86,0
DA:87,0
DA:90,0
DA:96,0
DA:107,0
DA:115,0
DA:126,0
DA:138,0
DA:170,0
DA:183,0
DA:196,0
DA:197,0
LF:39
LH:0
BRDA:27,0,0,0
BRDA:27,0,1,0
BRDA:36,1,0,0
BRDA:36,1,1,0
BRDA:45,2,0,0
BRDA:45,2,1,0
BRF:6
BRH:0
end_of_record
TN:
SF:/Users/eddie/work/mobile/conference-app/src/screens/People/Render.js
FN:6,(anonymous_0)
FNF:1
FNH:0
FNDA:0,(anonymous_0)
LF:0
LH:0
BRF:0
BRH:0
end_of_record
TN:
SF:/Users/eddie/work/mobile/conference-app/src/screens/People/index.js
FNF:0
FNH:0
LF:0
LH:0
BRF:0
BRH:0
end_of_record
TN:
SF:/Users/eddie/work/mobile/conference-app/src/screens/People/styles.js
FNF:0
FNH:0
LF:0
LH:0
BRDA:13,0,0,0
BRDA:13,0,1,0
BRDA:126,1,0,0
BRDA:126,1,1,0
BRDA:133,2,0,0
BRDA:133,2,1,0
BRF:6
BRH:0
end_of_record
TN:
SF:/Users/eddie/work/mobile/conference-app/src/screens/PeopleMain/PeopleMain.js
FN:9,(anonymous_0)
FN:19,(anonymous_1)
FN:23,(anonymous_2)
FN:29,(anonymous_3)
FN:40,(anonymous_4)
FN:56,(anonymous_5)
FN:56,(anonymous_6)
FN:66,(anonymous_7)
FN:175,(anonymous_8)
FN:175,(anonymous_9)
FN:201,(anonymous_10)
FN:201,(anonymous_11)
FN:226,(anonymous_12)
FN:226,(anonymous_13)
FN:252,(anonymous_14)
FN:252,(anonymous_15)
FNF:16
FNH:0
FNDA:0,(anonymous_0)
FNDA:0,(anonymous_1)
FNDA:0,(anonymous_2)
FNDA:0,(anonymous_3)
FNDA:0,(anonymous_4)
FNDA:0,(anonymous_5)
FNDA:0,(anonymous_6)
FNDA:0,(anonymous_7)
FNDA:0,(anonymous_8)
FNDA:0,(anonymous_9)
FNDA:0,(anonymous_10)
FNDA:0,(anonymous_11)
FNDA:0,(anonymous_12)
FNDA:0,(anonymous_13)
FNDA:0,(anonymous_14)
FNDA:0,(anonymous_15)
DA:10,0
DA:11,0
DA:19,0
DA:20,0
DA:23,0
DA:24,0
DA:30,0
DA:31,0
DA:32,0
DA:41,0
DA:42,0
DA:43,0
DA:56,0
DA:67,0
DA:68,0
DA:69,0
DA:70,0
DA:175,0
DA:201,0
DA:226,0
DA:252,0
LF:21
LH:0
BRDA:31,0,0,0
BRDA:31,0,1,0
BRDA:31,1,0,0
BRDA:31,1,1,0
BRDA:31,1,2,0
BRDA:31,1,3,0
BRDA:42,2,0,0
BRDA:42,2,1,0
BRDA:100,3,0,0
BRDA:100,3,1,0
BRDA:100,4,0,0
BRDA:100,4,1,0
BRDA:127,5,0,0
BRDA:127,5,1,0
BRDA:144,6,0,0
BRDA:144,6,1,0
BRDA:163,7,0,0
BRDA:163,7,1,0
BRDA:174,8,0,0
BRDA:174,8,1,0
BRDA:188,9,0,0
BRDA:188,9,1,0
BRDA:200,10,0,0
BRDA:200,10,1,0
BRDA:214,11,0,0
BRDA:214,11,1,0
BRDA:225,12,0,0
BRDA:225,12,1,0
BRDA:240,13,0,0
BRDA:240,13,1,0
BRDA:251,14,0,0
BRDA:251,14,1,0
BRDA:265,15,0,0
BRDA:265,15,1,0
BRDA:280,16,0,0
BRDA:280,16,1,0
BRF:36
BRH:0
end_of_record
TN:
SF:/Users/eddie/work/mobile/conference-app/src/screens/PeopleMain/index.js
FNF:0
FNH:0
LF:0
LH:0
BRF:0
BRH:0
end_of_record
TN:
SF:/Users/eddie/work/mobile/conference-app/src/screens/PeopleMain/styles.js
FNF:0
FNH:0
DA:2,0
LF:1
LH:0
BRDA:13,0,0,0
BRDA:13,0,1,0
BRDA:107,1,0,0
BRDA:107,1,1,0
BRDA:116,2,0,0
BRDA:116,2,1,0
BRDA:138,3,0,0
BRDA:138,3,1,0
BRDA:148,4,0,0
BRDA:148,4,1,0
BRDA:154,5,0,0
BRDA:154,5,1,0
BRDA:164,6,0,0
BRDA:164,6,1,0
BRDA:169,7,0,0
BRDA:169,7,1,0
BRDA:238,8,0,0
BRDA:238,8,1,0
BRF:18
BRH:0
end_of_record
TN:
SF:/Users/eddie/work/mobile/conference-app/src/screens/Profile/Profile.js
FN:14,(anonymous_0)
FN:23,(anonymous_1)
FN:30,(anonymous_2)
FNF:3
FNH:0
FNDA:0,(anonymous_0)
FNDA:0,(anonymous_1)
FNDA:0,(anonymous_2)
DA:15,0
DA:16,0
DA:23,0
DA:26,0
DA:31,0
LF:5
LH:0
BRF:0
BRH:0
end_of_record
TN:
SF:/Users/eddie/work/mobile/conference-app/src/screens/Profile/index.js
FNF:0
FNH:0
LF:0
LH:0
BRF:0
BRH:0
end_of_record
TN:
SF:/Users/eddie/work/mobile/conference-app/src/screens/Profile/styles.js
FNF:0
FNH:0
DA:2,0
LF:1
LH:0
BRF:0
BRH:0
end_of_record
TN:
SF:/Users/eddie/work/mobile/conference-app/src/screens/ProgramDetails/ProgramDetails.js
FN:13,(anonymous_0)
FN:29,(anonymous_1)
FN:43,(anonymous_2)
FN:47,(anonymous_3)
FN:51,(anonymous_4)
FN:58,(anonymous_5)
FN:61,(anonymous_6)
FN:74,(anonymous_7)
FN:78,(anonymous_8)
FN:92,(anonymous_9)
FN:112,(anonymous_10)
FN:126,(anonymous_11)
FN:145,(anonymous_12)
FNF:13
FNH:0
FNDA:0,(anonymous_0)
FNDA:0,(anonymous_1)
FNDA:0,(anonymous_2)
FNDA:0,(anonymous_3)
FNDA:0,(anonymous_4)
FNDA:0,(anonymous_5)
FNDA:0,(anonymous_6)
FNDA:0,(anonymous_7)
FNDA:0,(anonymous_8)
FNDA:0,(anonymous_9)
FNDA:0,(anonymous_10)
FNDA:0,(anonymous_11)
FNDA:0,(anonymous_12)
DA:14,0
DA:15,0
DA:30,0
DA:31,0
DA:32,0
DA:33,0
DA:35,0
DA:36,0
DA:40,0
DA:43,0
DA:45,0
DA:47,0
DA:48,0
DA:51,0
DA:52,0
DA:59,0
DA:60,0
DA:61,0
DA:62,0
DA:71,0
DA:74,0
DA:75,0
DA:78,0
DA:80,0
DA:82,0
DA:83,0
DA:86,0
DA:91,0
DA:93,0
DA:94,0
DA:101,0
DA:112,0
DA:113,0
DA:114,0
DA:116,0
DA:119,0
DA:125,0
DA:127,0
DA:128,0
DA:135,0
DA:146,0
DA:147,0
DA:148,0
LF:43
LH:0
BRDA:35,0,0,0
BRDA:35,0,1,0
BRDA:60,1,0,0
BRDA:60,1,1,0
BRDA:93,2,0,0
BRDA:93,2,1,0
BRDA:127,3,0,0
BRDA:127,3,1,0
BRDA:174,4,0,0
BRDA:174,4,1,0
BRDA:189,5,0,0
BRDA:189,5,1,0
BRDA:204,6,0,0
BRDA:204,6,1,0
BRDA:242,7,0,0
BRDA:242,7,1,0
BRF:16
BRH:0
end_of_record
TN:
SF:/Users/eddie/work/mobile/conference-app/src/screens/ProgramDetails/index.js
FNF:0
FNH:0
LF:0
LH:0
BRF:0
BRH:0
end_of_record
TN:
SF:/Users/eddie/work/mobile/conference-app/src/screens/ProgramDetails/styles.js
FNF:0
FNH:0
DA:2,0
LF:1
LH:0
BRDA:13,0,0,0
BRDA:13,0,1,0
BRDA:80,1,0,0
BRDA:80,1,1,0
BRDA:165,2,0,0
BRDA:165,2,1,0
BRDA:179,3,0,0
BRDA:179,3,1,0
BRDA:192,4,0,0
BRDA:192,4,1,0
BRDA:203,5,0,0
BRDA:203,5,1,0
BRF:12
BRH:0
end_of_record
TN:
SF:/Users/eddie/work/mobile/conference-app/src/screens/Programs/Programs.js
FN:13,(anonymous_0)
FN:23,(anonymous_1)
FN:32,(anonymous_2)
FN:43,(anonymous_3)
FN:50,(anonymous_4)
FN:57,(anonymous_5)
FN:100,(anonymous_6)
FN:104,(anonymous_7)
FN:108,(anonymous_8)
FN:127,(anonymous_9)
FN:132,(anonymous_10)
FN:135,(anonymous_11)
FN:138,(anonymous_12)
FN:141,(anonymous_13)
FN:153,(anonymous_14)
FN:158,(anonymous_15)
FN:164,(anonymous_16)
FN:167,(anonymous_17)
FN:175,(anonymous_18)
FN:182,(anonymous_19)
FN:203,(anonymous_20)
FN:209,(anonymous_21)
FN:212,(anonymous_22)
FN:255,(anonymous_23)
FN:269,(anonymous_24)
FN:283,(anonymous_25)
FNF:26
FNH:0
FNDA:0,(anonymous_0)
FNDA:0,(anonymous_1)
FNDA:0,(anonymous_2)
FNDA:0,(anonymous_3)
FNDA:0,(anonymous_4)
FNDA:0,(anonymous_5)
FNDA:0,(anonymous_6)
FNDA:0,(anonymous_7)
FNDA:0,(anonymous_8)
FNDA:0,(anonymous_9)
FNDA:0,(anonymous_10)
FNDA:0,(anonymous_11)
FNDA:0,(anonymous_12)
FNDA:0,(anonymous_13)
FNDA:0,(anonymous_14)
FNDA:0,(anonymous_15)
FNDA:0,(anonymous_16)
FNDA:0,(anonymous_17)
FNDA:0,(anonymous_18)
FNDA:0,(anonymous_19)
FNDA:0,(anonymous_20)
FNDA:0,(anonymous_21)
FNDA:0,(anonymous_22)
FNDA:0,(anonymous_23)
FNDA:0,(anonymous_24)
FNDA:0,(anonymous_25)
DA:14,0
DA:15,0
DA:19,0
DA:24,0
DA:25,0
DA:29,0
DA:32,0
DA:33,0
DA:35,0
DA:38,0
DA:44,0
DA:45,0
DA:47,0
DA:51,0
DA:58,0
DA:60,0
DA:61,0
DA:66,0
DA:67,0
DA:72,0
DA:73,0
DA:79,0
DA:80,0
DA:85,0
DA:86,0
DA:92,0
DA:100,0
DA:101,0
DA:104,0
DA:105,0
DA:108,0
DA:109,0
DA:110,0
DA:112,0
DA:114,0
DA:115,0
DA:120,0
DA:127,0
DA:128,0
DA:132,0
DA:133,0
DA:134,0
DA:135,0
DA:136,0
DA:138,0
DA:141,0
DA:150,0
DA:153,0
DA:158,0
DA:164,0
DA:167,0
DA:175,0
DA:182,0
DA:204,0
DA:209,0
DA:212,0
DA:255,0
DA:269,0
DA:283,0
DA:284,0
LF:60
LH:0
BRDA:44,0,0,0
BRDA:44,0,1,0
BRDA:60,1,0,0
BRDA:60,1,1,0
BRDA:66,2,0,0
BRDA:66,2,1,0
BRDA:72,3,0,0
BRDA:72,3,1,0
BRDA:79,4,0,0
BRDA:79,4,1,0
BRDA:85,5,0,0
BRDA:85,5,1,0
BRDA:114,6,0,0
BRDA:114,6,1,0
BRDA:134,7,0,0
BRDA:134,7,1,0
BRF:16
BRH:0
end_of_record
TN:
SF:/Users/eddie/work/mobile/conference-app/src/screens/Programs/index.js
FNF:0
FNH:0
LF:0
LH:0
BRF:0
BRH:0
end_of_record
TN:
SF:/Users/eddie/work/mobile/conference-app/src/screens/Programs/styles.js
FNF:0
FNH:0
DA:2,0
LF:1
LH:0
BRF:0
BRH:0
end_of_record
TN:
SF:/Users/eddie/work/mobile/conference-app/src/screens/Register/Register.js
FN:13,(anonymous_0)
FN:44,(anonymous_1)
FN:45,(anonymous_2)
FN:51,(anonymous_3)
FN:64,(anonymous_4)
FN:69,(anonymous_5)
FN:71,(anonymous_6)
FN:73,(anonymous_7)
FN:89,(anonymous_8)
FN:105,(anonymous_9)
FN:121,(anonymous_10)
FN:128,(anonymous_11)
FN:139,(anonymous_12)
FN:181,(anonymous_13)
FN:199,(anonymous_14)
FN:233,(anonymous_15)
FN:234,(anonymous_16)
FN:235,(anonymous_17)
FN:256,(anonymous_18)
FN:259,(anonymous_19)
FN:260,(anonymous_20)
FN:261,(anonymous_21)
FN:283,(anonymous_22)
FN:286,(anonymous_23)
FN:287,(anonymous_24)
FN:288,(anonymous_25)
FNF:26
FNH:0
FNDA:0,(anonymous_0)
FNDA:0,(anonymous_1)
FNDA:0,(anonymous_2)
FNDA:0,(anonymous_3)
FNDA:0,(anonymous_4)
FNDA:0,(anonymous_5)
FNDA:0,(anonymous_6)
FNDA:0,(anonymous_7)
FNDA:0,(anonymous_8)
FNDA:0,(anonymous_9)
FNDA:0,(anonymous_10)
FNDA:0,(anonymous_11)
FNDA:0,(anonymous_12)
FNDA:0,(anonymous_13)
FNDA:0,(anonymous_14)
FNDA:0,(anonymous_15)
FNDA:0,(anonymous_16)
FNDA:0,(anonymous_17)
FNDA:0,(anonymous_18)
FNDA:0,(anonymous_19)
FNDA:0,(anonymous_20)
FNDA:0,(anonymous_21)
FNDA:0,(anonymous_22)
FNDA:0,(anonymous_23)
FNDA:0,(anonymous_24)
FNDA:0,(anonymous_25)
DA:14,0
DA:15,0
DA:38,0
DA:39,0
DA:40,0
DA:44,0
DA:45,0
DA:51,0
DA:52,0
DA:60,0
DA:64,0
DA:65,0
DA:69,0
DA:71,0
DA:73,0
DA:75,0
DA:76,0
DA:82,0
DA:83,0
DA:89,0
DA:90,0
DA:91,0
DA:97,0
DA:98,0
DA:105,0
DA:106,0
DA:107,0
DA:113,0
DA:114,0
DA:121,0
DA:122,0
DA:128,0
DA:129,0
DA:131,0
DA:132,0
DA:135,0
DA:139,0
DA:140,0
DA:141,0
DA:143,0
DA:144,0
DA:149,0
DA:150,0
DA:155,0
DA:156,0
DA:161,0
DA:162,0
DA:168,0
DA:172,0
DA:180,0
DA:182,0
DA:183,0
DA:191,0
DA:194,0
DA:200,0
DA:201,0
DA:233,0
DA:234,0
DA:236,0
DA:256,0
DA:259,0
DA:260,0
DA:262,0
DA:283,0
DA:286,0
DA:287,0
DA:289,0
LF:67
LH:0
BRDA:75,0,0,0
BRDA:75,0,1,0
BRDA:82,1,0,0
BRDA:82,1,1,0
BRDA:90,2,0,0
BRDA:90,2,1,0
BRDA:97,3,0,0
BRDA:97,3,1,0
BRDA:106,4,0,0
BRDA:106,4,1,0
BRDA:113,5,0,0
BRDA:113,5,1,0
BRDA:131,6,0,0
BRDA:131,6,1,0
BRDA:131,7,0,0
BRDA:131,7,1,0
BRDA:131,7,2,0
BRDA:143,8,0,0
BRDA:143,8,1,0
BRDA:149,9,0,0
BRDA:149,9,1,0
BRDA:155,10,0,0
BRDA:155,10,1,0
BRDA:161,11,0,0
BRDA:161,11,1,0
BRDA:182,12,0,0
BRDA:182,12,1,0
BRDA:214,13,0,0
BRDA:214,13,1,0
BRDA:236,14,0,0
BRDA:236,14,1,0
BRDA:240,15,0,0
BRDA:240,15,1,0
BRDA:262,16,0,0
BRDA:262,16,1,0
BRDA:266,17,0,0
BRDA:266,17,1,0
BRF:37
BRH:0
end_of_record
TN:
SF:/Users/eddie/work/mobile/conference-app/src/screens/Register/WomanSvg.js
FN:4,(anonymous_0)
FNF:1
FNH:0
FNDA:0,(anonymous_0)
DA:4,0
DA:5,0
LF:2
LH:0
BRF:0
BRH:0
end_of_record
TN:
SF:/Users/eddie/work/mobile/conference-app/src/screens/Register/index.js
FNF:0
FNH:0
LF:0
LH:0
BRF:0
BRH:0
end_of_record
TN:
SF:/Users/eddie/work/mobile/conference-app/src/screens/Register/styles.js
FNF:0
FNH:0
DA:2,0
DA:6,0
LF:2
LH:0
BRDA:65,0,0,0
BRDA:65,0,1,0
BRDA:66,1,0,0
BRDA:66,1,1,0
BRDA:140,2,0,0
BRDA:140,2,1,0
BRDA:155,3,0,0
BRDA:155,3,1,0
BRF:8
BRH:0
end_of_record
TN:
SF:/Users/eddie/work/mobile/conference-app/src/screens/ResetPassword/LockSvg.js
FN:4,(anonymous_0)
FNF:1
FNH:0
FNDA:0,(anonymous_0)
DA:4,0
DA:5,0
LF:2
LH:0
BRF:0
BRH:0
end_of_record
TN:
SF:/Users/eddie/work/mobile/conference-app/src/screens/ResetPassword/ResetPassword.js
FN:12,(anonymous_0)
FN:24,(anonymous_1)
FN:27,(anonymous_2)
FN:32,(anonymous_3)
FN:48,(anonymous_4)
FN:54,(anonymous_5)
FN:66,(anonymous_6)
FN:89,(anonymous_7)
FN:108,(anonymous_8)
FNF:9
FNH:0
FNDA:0,(anonymous_0)
FNDA:0,(anonymous_1)
FNDA:0,(anonymous_2)
FNDA:0,(anonymous_3)
FNDA:0,(anonymous_4)
FNDA:0,(anonymous_5)
FNDA:0,(anonymous_6)
FNDA:0,(anonymous_7)
FNDA:0,(anonymous_8)
DA:13,0
DA:14,0
DA:24,0
DA:25,0
DA:27,0
DA:28,0
DA:32,0
DA:33,0
DA:34,0
DA:40,0
DA:41,0
DA:48,0
DA:49,0
DA:54,0
DA:55,0
DA:57,0
DA:58,0
DA:61,0
DA:66,0
DA:67,0
DA:68,0
DA:69,0
DA:71,0
DA:72,0
DA:78,0
DA:82,0
DA:88,0
DA:91,0
DA:92,0
DA:100,0
DA:109,0
DA:110,0
LF:32
LH:0
BRDA:33,0,0,0
BRDA:33,0,1,0
BRDA:40,1,0,0
BRDA:40,1,1,0
BRDA:57,2,0,0
BRDA:57,2,1,0
BRDA:71,3,0,0
BRDA:71,3,1,0
BRDA:91,4,0,0
BRDA:91,4,1,0
BRF:10
BRH:0
end_of_record
TN:
SF:/Users/eddie/work/mobile/conference-app/src/screens/ResetPassword/index.js
FNF:0
FNH:0
LF:0
LH:0
BRF:0
BRH:0
end_of_record
TN:
SF:/Users/eddie/work/mobile/conference-app/src/screens/ResetPassword/styles.js
FNF:0
FNH:0
LF:0
LH:0
BRDA:14,0,0,0
BRDA:14,0,1,0
BRF:2
BRH:0
end_of_record
TN:
SF:/Users/eddie/work/mobile/conference-app/src/screens/Resources/Resources.js
FN:10,(anonymous_0)
FN:26,(anonymous_1)
FN:34,(anonymous_2)
FN:38,(anonymous_3)
FN:50,(anonymous_4)
FN:54,(anonymous_5)
FN:56,(anonymous_6)
FN:66,(anonymous_7)
FN:69,(anonymous_8)
FN:94,(anonymous_9)
FN:97,(anonymous_10)
FN:107,(anonymous_11)
FN:113,(anonymous_12)
FN:148,(anonymous_13)
FN:161,(anonymous_14)
FN:179,(anonymous_15)
FNF:16
FNH:0
FNDA:0,(anonymous_0)
FNDA:0,(anonymous_1)
FNDA:0,(anonymous_2)
FNDA:0,(anonymous_3)
FNDA:0,(anonymous_4)
FNDA:0,(anonymous_5)
FNDA:0,(anonymous_6)
FNDA:0,(anonymous_7)
FNDA:0,(anonymous_8)
FNDA:0,(anonymous_9)
FNDA:0,(anonymous_10)
FNDA:0,(anonymous_11)
FNDA:0,(anonymous_12)
FNDA:0,(anonymous_13)
FNDA:0,(anonymous_14)
FNDA:0,(anonymous_15)
DA:11,0
DA:12,0
DA:22,0
DA:27,0
DA:31,0
DA:34,0
DA:35,0
DA:38,0
DA:39,0
DA:40,0
DA:42,0
DA:44,0
DA:50,0
DA:51,0
DA:55,0
DA:57,0
DA:67,0
DA:69,0
DA:71,0
DA:94,0
DA:97,0
DA:107,0
DA:108,0
DA:114,0
DA:116,0
DA:148,0
DA:161,0
DA:179,0
DA:180,0
LF:29
LH:0
BRF:0
BRH:0
end_of_record
TN:
SF:/Users/eddie/work/mobile/conference-app/src/screens/Resources/index.js
FNF:0
FNH:0
LF:0
LH:0
BRF:0
BRH:0
end_of_record
TN:
SF:/Users/eddie/work/mobile/conference-app/src/screens/Resources/styles.js
FNF:0
FNH:0
DA:2,0
LF:1
LH:0
BRDA:15,0,0,0
BRDA:15,0,1,0
BRDA:123,1,0,0
BRDA:123,1,1,0
BRDA:130,2,0,0
BRDA:130,2,1,0
BRDA:170,3,0,0
BRDA:170,3,1,0
BRDA:206,4,0,0
BRDA:206,4,1,0
BRDA:217,5,0,0
BRDA:217,5,1,0
BRF:12
BRH:0
end_of_record
TN:
SF:/Users/eddie/work/mobile/conference-app/src/screens/Settings/Settings.js
FN:12,(anonymous_0)
FN:21,(anonymous_1)
FN:28,(anonymous_2)
FNF:3
FNH:0
FNDA:0,(anonymous_0)
FNDA:0,(anonymous_1)
FNDA:0,(anonymous_2)
DA:13,0
DA:14,0
DA:21,0
DA:24,0
DA:29,0
LF:5
LH:0
BRF:0
BRH:0
end_of_record
TN:
SF:/Users/eddie/work/mobile/conference-app/src/screens/Settings/index.js
FNF:0
FNH:0
LF:0
LH:0
BRF:0
BRH:0
end_of_record
TN:
SF:/Users/eddie/work/mobile/conference-app/src/screens/Settings/styles.js
FNF:0
FNH:0
DA:2,0
LF:1
LH:0
BRF:0
BRH:0
end_of_record
TN:
SF:/Users/eddie/work/mobile/conference-app/src/screens/Sponsor/Sponsor.js
FN:10,(anonymous_0)
FN:20,(anonymous_1)
FN:29,(anonymous_2)
FN:33,(anonymous_3)
FN:45,(anonymous_4)
FN:49,(anonymous_5)
FN:56,(anonymous_6)
FN:60,(anonymous_7)
FN:64,(anonymous_8)
FN:71,(anonymous_9)
FN:79,(anonymous_10)
FN:87,(anonymous_11)
FN:99,(anonymous_12)
FN:132,(anonymous_13)
FN:144,(anonymous_14)
FN:154,(anonymous_15)
FNF:16
FNH:0
FNDA:0,(anonymous_0)
FNDA:0,(anonymous_1)
FNDA:0,(anonymous_2)
FNDA:0,(anonymous_3)
FNDA:0,(anonymous_4)
FNDA:0,(anonymous_5)
FNDA:0,(anonymous_6)
FNDA:0,(anonymous_7)
FNDA:0,(anonymous_8)
FNDA:0,(anonymous_9)
FNDA:0,(anonymous_10)
FNDA:0,(anonymous_11)
FNDA:0,(anonymous_12)
FNDA:0,(anonymous_13)
FNDA:0,(anonymous_14)
FNDA:0,(anonymous_15)
DA:11,0
DA:12,0
DA:21,0
DA:24,0
DA:29,0
DA:30,0
DA:33,0
DA:34,0
DA:35,0
DA:37,0
DA:39,0
DA:45,0
DA:46,0
DA:50,0
DA:56,0
DA:57,0
DA:60,0
DA:64,0
DA:71,0
DA:79,0
DA:87,0
DA:100,0
DA:132,0
DA:144,0
DA:154,0
DA:155,0
LF:26
LH:0
BRF:0
BRH:0
end_of_record
TN:
SF:/Users/eddie/work/mobile/conference-app/src/screens/Sponsor/index.js
FNF:0
FNH:0
LF:0
LH:0
BRF:0
BRH:0
end_of_record
TN:
SF:/Users/eddie/work/mobile/conference-app/src/screens/Sponsor/styles.js
FNF:0
FNH:0
DA:2,0
LF:1
LH:0
BRDA:119,0,0,0
BRDA:119,0,1,0
BRDA:126,1,0,0
BRDA:126,1,1,0
BRF:4
BRH:0
end_of_record
TN:
SF:/Users/eddie/work/mobile/conference-app/src/screens/SponsorDetails/SponsorDetails.js
FN:8,(anonymous_0)
FN:22,(anonymous_1)
FN:26,(anonymous_2)
FN:33,(anonymous_3)
FN:33,(anonymous_4)
FN:48,(anonymous_5)
FN:54,(anonymous_6)
FN:66,(anonymous_7)
FN:144,(anonymous_8)
FN:144,(anonymous_9)
FN:171,(anonymous_10)
FN:171,(anonymous_11)
FN:195,(anonymous_12)
FN:195,(anonymous_13)
FN:220,(anonymous_14)
FN:220,(anonymous_15)
FNF:16
FNH:0
FNDA:0,(anonymous_0)
FNDA:0,(anonymous_1)
FNDA:0,(anonymous_2)
FNDA:0,(anonymous_3)
FNDA:0,(anonymous_4)
FNDA:0,(anonymous_5)
FNDA:0,(anonymous_6)
FNDA:0,(anonymous_7)
FNDA:0,(anonymous_8)
FNDA:0,(anonymous_9)
FNDA:0,(anonymous_10)
FNDA:0,(anonymous_11)
FNDA:0,(anonymous_12)
FNDA:0,(anonymous_13)
FNDA:0,(anonymous_14)
FNDA:0,(anonymous_15)
DA:9,0
DA:10,0
DA:22,0
DA:23,0
DA:27,0
DA:28,0
DA:29,0
DA:33,0
DA:38,0
DA:48,0
DA:49,0
DA:55,0
DA:56,0
DA:57,0
DA:67,0
DA:68,0
DA:69,0
DA:70,0
DA:144,0
DA:171,0
DA:195,0
DA:220,0
LF:22
LH:0
BRDA:28,0,0,0
BRDA:28,0,1,0
BRDA:56,1,0,0
BRDA:56,1,1,0
BRDA:56,2,0,0
BRDA:56,2,1,0
BRDA:56,2,2,0
BRDA:56,2,3,0
BRDA:99,3,0,0
BRDA:99,3,1,0
BRDA:99,4,0,0
BRDA:99,4,1,0
BRDA:132,5,0,0
BRDA:132,5,1,0
BRDA:143,6,0,0
BRDA:143,6,1,0
BRDA:159,7,0,0
BRDA:159,7,1,0
BRDA:183,8,0,0
BRDA:183,8,1,0
BRDA:194,9,0,0
BRDA:194,9,1,0
BRDA:208,10,0,0
BRDA:208,10,1,0
BRDA:219,11,0,0
BRDA:219,11,1,0
BRDA:232,12,0,0
BRDA:232,12,1,0
BRDA:247,13,0,0
BRDA:247,13,1,0
BRDA:258,14,0,0
BRDA:258,14,1,0
BRF:32
BRH:0
end_of_record
TN:
SF:/Users/eddie/work/mobile/conference-app/src/screens/SponsorDetails/index.js
FNF:0
FNH:0
LF:0
LH:0
BRF:0
BRH:0
end_of_record
TN:
SF:/Users/eddie/work/mobile/conference-app/src/screens/SponsorDetails/styles.js
FNF:0
FNH:0
DA:2,0
LF:1
LH:0
BRDA:13,0,0,0
BRDA:13,0,1,0
BRDA:107,1,0,0
BRDA:107,1,1,0
BRDA:116,2,0,0
BRDA:116,2,1,0
BRDA:138,3,0,0
BRDA:138,3,1,0
BRDA:148,4,0,0
BRDA:148,4,1,0
BRDA:154,5,0,0
BRDA:154,5,1,0
BRDA:164,6,0,0
BRDA:164,6,1,0
BRDA:169,7,0,0
BRDA:169,7,1,0
BRF:16
BRH:0
end_of_record
TN:
SF:/Users/eddie/work/mobile/conference-app/src/screens/Venue/Venue.js
FN:12,(anonymous_0)
FN:23,(anonymous_1)
FN:27,(anonymous_2)
FN:33,(anonymous_3)
FN:153,(anonymous_4)
FNF:5
FNH:0
FNDA:0,(anonymous_0)
FNDA:0,(anonymous_1)
FNDA:0,(anonymous_2)
FNDA:0,(anonymous_3)
FNDA:0,(anonymous_4)
DA:9,0
DA:13,0
DA:14,0
DA:21,0
DA:23,0
DA:24,0
DA:28,0
DA:30,0
DA:31,0
DA:33,0
DA:35,0
DA:41,0
DA:44,0
DA:153,0
DA:154,0
LF:15
LH:0
BRDA:106,0,0,0
BRDA:106,0,1,0
BRF:2
BRH:0
end_of_record
TN:
SF:/Users/eddie/work/mobile/conference-app/src/screens/Venue/index.js
FNF:0
FNH:0
LF:0
LH:0
BRF:0
BRH:0
end_of_record
TN:
SF:/Users/eddie/work/mobile/conference-app/src/screens/Venue/styles.js
FNF:0
FNH:0
DA:2,0
LF:1
LH:0
BRF:0
BRH:0
end_of_record
TN:
SF:/Users/eddie/work/mobile/conference-app/src/screens/Verification/Verification.js
FN:12,(anonymous_0)
FN:24,(anonymous_1)
FN:29,(anonymous_2)
FN:42,(anonymous_3)
FN:47,(anonymous_4)
FN:51,(anonymous_5)
FN:57,(anonymous_6)
FN:63,(anonymous_7)
FN:87,(anonymous_8)
FN:100,(anonymous_9)
FN:111,(anonymous_10)
FN:132,(anonymous_11)
FN:137,(anonymous_12)
FNF:13
FNH:0
FNDA:0,(anonymous_0)
FNDA:0,(anonymous_1)
FNDA:0,(anonymous_2)
FNDA:0,(anonymous_3)
FNDA:0,(anonymous_4)
FNDA:0,(anonymous_5)
FNDA:0,(anonymous_6)
FNDA:0,(anonymous_7)
FNDA:0,(anonymous_8)
FNDA:0,(anonymous_9)
FNDA:0,(anonymous_10)
FNDA:0,(anonymous_11)
FNDA:0,(anonymous_12)
DA:13,0
DA:14,0
DA:29,0
DA:30,0
DA:38,0
DA:42,0
DA:44,0
DA:47,0
DA:48,0
DA:51,0
DA:52,0
DA:57,0
DA:58,0
DA:62,0
DA:65,0
DA:66,0
DA:67,0
DA:70,0
DA:80,0
DA:83,0
DA:84,0
DA:88,0
DA:100,0
DA:101,0
DA:106,0
DA:110,0
DA:112,0
DA:113,0
DA:121,0
DA:132,0
DA:133,0
DA:138,0
DA:139,0
LF:33
LH:0
BRDA:65,0,0,0
BRDA:65,0,1,0
BRDA:66,1,0,0
BRDA:66,1,1,0
BRDA:112,2,0,0
BRDA:112,2,1,0
BRF:6
BRH:0
end_of_record
TN:
SF:/Users/eddie/work/mobile/conference-app/src/screens/Verification/index.js
FNF:0
FNH:0
LF:0
LH:0
BRF:0
BRH:0
end_of_record
TN:
SF:/Users/eddie/work/mobile/conference-app/src/screens/Verification/styles.js
FNF:0
FNH:0
DA:2,0
LF:1
LH:0
BRF:0
BRH:0
end_of_record
TN:
SF:/Users/eddie/work/mobile/conference-app/src/utils/Countries.js
FNF:0
FNH:0
LF:0
LH:0
BRF:0
BRH:0
end_of_record
TN:
SF:/Users/eddie/work/mobile/conference-app/src/utils/index.js
FN:43,(anonymous_0)
FN:48,(anonymous_1)
FN:52,(anonymous_2)
FN:70,(anonymous_3)
FN:90,(anonymous_4)
FN:109,(anonymous_5)
FN:127,(anonymous_6)
FN:136,(anonymous_7)
FN:138,(anonymous_8)
FN:148,(anonymous_9)
FN:152,(anonymous_10)
FN:154,(anonymous_11)
FN:163,(anonymous_12)
FN:165,(anonymous_13)
FN:174,(anonymous_14)
FN:178,(anonymous_15)
FN:182,(anonymous_16)
FN:184,(anonymous_17)
FN:190,(anonymous_18)
FN:193,(anonymous_19)
FN:195,(anonymous_20)
FNF:21
FNH:0
FNDA:0,(anonymous_0)
FNDA:0,(anonymous_1)
FNDA:0,(anonymous_2)
FNDA:0,(anonymous_3)
FNDA:0,(anonymous_4)
FNDA:0,(anonymous_5)
FNDA:0,(anonymous_6)
FNDA:0,(anonymous_7)
FNDA:0,(anonymous_8)
FNDA:0,(anonymous_9)
FNDA:0,(anonymous_10)
FNDA:0,(anonymous_11)
FNDA:0,(anonymous_12)
FNDA:0,(anonymous_13)
FNDA:0,(anonymous_14)
FNDA:0,(anonymous_15)
FNDA:0,(anonymous_16)
FNDA:0,(anonymous_17)
FNDA:0,(anonymous_18)
FNDA:0,(anonymous_19)
FNDA:0,(anonymous_20)
DA:2,0
DA:6,0
DA:7,0
DA:8,0
DA:9,0
DA:10,0
DA:11,0
DA:12,0
DA:13,0
DA:14,0
DA:15,0
DA:16,0
DA:17,0
DA:18,0
DA:19,0
DA:20,0
DA:21,0
DA:43,0
DA:44,0
DA:45,0
DA:48,0
DA:49,0
DA:52,0
DA:54,0
DA:55,0
DA:62,0
DA:63,0
DA:66,0
DA:70,0
DA:72,0
DA:73,0
DA:81,0
DA:82,0
DA:85,0
DA:90,0
DA:92,0
DA:93,0
DA:100,0
DA:101,0
DA:104,0
DA:109,0
DA:110,0
DA:111,0
DA:119,0
DA:120,0
DA:123,0
DA:127,0
DA:128,0
DA:132,0
DA:133,0
DA:136,0
DA:137,0
DA:139,0
DA:140,0
DA:142,0
DA:148,0
DA:149,0
DA:152,0
DA:153,0
DA:155,0
DA:156,0
DA:158,0
DA:163,0
DA:164,0
DA:166,0
DA:167,0
DA:169,0
DA:174,0
DA:175,0
DA:178,0
DA:179,0
DA:182,0
DA:183,0
DA:185,0
DA:186,0
DA:188,0
DA:190,0
DA:193,0
DA:194,0
DA:195,0
LF:80
LH:0
BRDA:49,0,0,0
BRDA:49,0,1,0
BRDA:139,1,0,0
BRDA:139,1,1,0
BRDA:155,2,0,0
BRDA:155,2,1,0
BRDA:166,3,0,0
BRDA:166,3,1,0
BRDA:185,4,0,0
BRDA:185,4,1,0
BRF:10
BRH:0
end_of_record
TN:
SF:/Users/eddie/work/mobile/conference-app/web-build/precache-manifest.ae4471508e8b6735062cacbbb3ccf373.js
FNF:0
FNH:0
DA:1,0
LF:1
LH:0
BRF:0
BRH:0
end_of_record
TN:
SF:/Users/eddie/work/mobile/conference-app/web-build/service-worker.js
FNF:0
FNH:0
DA:14,0
DA:16,0
DA:20,0
DA:27,0
DA:28,0
DA:29,0
LF:6
LH:0
BRDA:27,0,0,0
BRDA:27,0,1,0
BRF:2
BRH:0
end_of_record
TN:
SF:/Users/eddie/work/mobile/conference-app/web-build/static/js/2.a04a1963.chunk.js
FN:1,(anonymous_0)
FN:1,(anonymous_1)
FN:1,(anonymous_2)
FN:1,(anonymous_3)
FN:1,(anonymous_4)
FN:1,r
FN:1,(anonymous_6)
FN:1,(anonymous_7)
FN:1,(anonymous_8)
FN:1,(anonymous_9)
FN:1,(anonymous_10)
FN:1,(anonymous_11)
FN:1,(anonymous_12)
FN:1,l
FN:1,(anonymous_14)
FN:1,(anonymous_15)
FN:1,(anonymous_16)
FN:1,(anonymous_17)
FN:1,(anonymous_18)
FN:1,(anonymous_19)
FN:1,(anonymous_20)
FN:1,(anonymous_21)
FN:1,(anonymous_22)
FN:1,(anonymous_23)
FN:1,(anonymous_24)
FN:1,(anonymous_25)
FN:1,(anonymous_26)
FN:1,(anonymous_27)
FN:1,(anonymous_28)
FN:1,(anonymous_29)
FN:1,(anonymous_30)
FN:1,(anonymous_31)
FN:1,(anonymous_32)
FN:1,(anonymous_33)
FN:1,(anonymous_34)
FN:1,(anonymous_35)
FN:1,(anonymous_36)
FN:1,(anonymous_37)
FN:1,(anonymous_38)
FN:1,(anonymous_39)
FN:1,(anonymous_40)
FN:1,(anonymous_41)
FN:1,(anonymous_42)
FN:1,(anonymous_43)
FN:1,(anonymous_44)
FN:1,(anonymous_45)
FN:1,(anonymous_46)
FN:1,(anonymous_47)
FN:1,(anonymous_48)
FN:1,r
FN:1,(anonymous_50)
FN:1,(anonymous_51)
FN:1,(anonymous_52)
FN:1,(anonymous_53)
FN:1,(anonymous_54)
FN:1,(anonymous_55)
FN:1,(anonymous_56)
FN:1,(anonymous_57)
FN:1,(anonymous_58)
FN:1,(anonymous_59)
FN:1,e
FN:1,(anonymous_61)
FN:1,(anonymous_62)
FN:1,(anonymous_63)
FN:1,(anonymous_64)
FN:1,(anonymous_65)
FN:1,(anonymous_66)
FN:1,(anonymous_67)
FN:1,(anonymous_68)
FN:1,(anonymous_69)
FN:1,(anonymous_70)
FN:1,(anonymous_71)
FN:1,(anonymous_72)
FN:1,(anonymous_73)
FN:1,(anonymous_74)
FN:1,(anonymous_75)
FN:1,(anonymous_76)
FN:1,(anonymous_77)
FN:1,(anonymous_78)
FN:1,(anonymous_79)
FN:1,(anonymous_80)
FN:1,(anonymous_81)
FN:1,(anonymous_82)
FN:1,(anonymous_83)
FN:1,(anonymous_84)
FN:1,(anonymous_85)
FN:1,(anonymous_86)
FN:1,(anonymous_87)
FN:1,(anonymous_88)
FN:1,n
FN:1,(anonymous_90)
FN:1,(anonymous_91)
FN:1,(anonymous_92)
FN:1,(anonymous_93)
FN:1,n
FN:1,(anonymous_95)
FN:1,(anonymous_96)
FN:1,(anonymous_97)
FN:1,(anonymous_98)
FN:1,(anonymous_99)
FN:1,(anonymous_100)
FN:1,(anonymous_101)
FN:1,(anonymous_102)
FN:1,f
FN:1,(anonymous_104)
FN:1,h
FN:1,(anonymous_106)
FN:1,(anonymous_107)
FN:1,(anonymous_108)
FN:1,(anonymous_109)
FN:1,(anonymous_110)
FN:1,(anonymous_111)
FN:1,(anonymous_112)
FN:1,(anonymous_113)
FN:1,(anonymous_114)
FN:1,(anonymous_115)
FN:1,(anonymous_116)
FN:1,(anonymous_117)
FN:1,(anonymous_118)
FN:1,(anonymous_119)
FN:1,(anonymous_120)
FN:1,(anonymous_121)
FN:1,(anonymous_122)
FN:1,(anonymous_123)
FN:1,(anonymous_124)
FN:1,(anonymous_125)
FN:1,(anonymous_126)
FN:1,(anonymous_127)
FN:1,(anonymous_128)
FN:1,(anonymous_129)
FN:1,(anonymous_130)
FN:1,(anonymous_131)
FN:1,(anonymous_132)
FN:1,(anonymous_133)
FN:1,(anonymous_134)
FN:1,(anonymous_135)
FN:1,(anonymous_136)
FN:1,(anonymous_137)
FN:1,(anonymous_138)
FN:1,(anonymous_139)
FN:1,(anonymous_140)
FN:1,(anonymous_141)
FN:1,(anonymous_142)
FN:1,(anonymous_143)
FN:1,(anonymous_144)
FN:1,(anonymous_145)
FN:1,(anonymous_146)
FN:1,(anonymous_147)
FN:1,(anonymous_148)
FN:1,n
FN:1,(anonymous_150)
FN:1,(anonymous_151)
FN:1,(anonymous_152)
FN:1,(anonymous_153)
FN:1,r
FN:1,(anonymous_155)
FN:1,(anonymous_156)
FN:1,(anonymous_157)
FN:1,(anonymous_158)
FN:1,(anonymous_159)
FN:1,(anonymous_160)
FN:1,(anonymous_161)
FN:1,r
FN:1,(anonymous_163)
FN:1,(anonymous_164)
FN:1,o
FN:1,(anonymous_166)
FN:1,(anonymous_167)
FN:1,(anonymous_168)
FN:1,(anonymous_169)
FN:1,(anonymous_170)
FN:1,(anonymous_171)
FN:1,(anonymous_172)
FN:1,(anonymous_173)
FN:1,(anonymous_174)
FN:1,(anonymous_175)
FN:1,(anonymous_176)
FN:1,(anonymous_177)
FN:1,(anonymous_178)
FN:1,(anonymous_179)
FN:1,(anonymous_180)
FN:1,(anonymous_181)
FN:1,(anonymous_182)
FN:1,(anonymous_183)
FN:1,(anonymous_184)
FN:1,(anonymous_185)
FN:1,(anonymous_186)
FN:1,(anonymous_187)
FN:1,(anonymous_188)
FN:1,(anonymous_189)
FN:1,(anonymous_190)
FN:1,(anonymous_191)
FN:1,(anonymous_192)
FN:1,(anonymous_193)
FN:1,(anonymous_194)
FN:1,i
FN:1,(anonymous_196)
FN:1,p
FN:1,d
FN:1,(anonymous_199)
FN:1,(anonymous_200)
FN:1,(anonymous_201)
FN:1,(anonymous_202)
FN:1,(anonymous_203)
FN:1,(anonymous_204)
FN:1,(anonymous_205)
FN:1,(anonymous_206)
FN:1,(anonymous_207)
FN:1,(anonymous_208)
FN:1,(anonymous_209)
FN:1,(anonymous_210)
FN:1,(anonymous_211)
FN:1,(anonymous_212)
FN:1,(anonymous_213)
FN:1,(anonymous_214)
FN:1,(anonymous_215)
FN:1,(anonymous_216)
FN:1,(anonymous_217)
FN:1,(anonymous_218)
FN:1,(anonymous_219)
FN:1,v
FN:1,(anonymous_221)
FN:1,(anonymous_222)
FN:1,T
FN:1,(anonymous_224)
FN:1,(anonymous_225)
FN:1,E
FN:1,O
FN:1,(anonymous_228)
FN:1,k
FN:1,(anonymous_230)
FN:1,(anonymous_231)
FN:1,(anonymous_232)
FN:1,(anonymous_233)
FN:1,(anonymous_234)
FN:1,(anonymous_235)
FN:1,I
FN:1,(anonymous_237)
FN:1,(anonymous_238)
FN:1,A
FN:1,D
FN:1,(anonymous_241)
FN:1,j
FN:1,(anonymous_243)
FN:1,(anonymous_244)
FN:1,(anonymous_245)
FN:1,(anonymous_246)
FN:1,(anonymous_247)
FN:1,(anonymous_248)
FN:1,(anonymous_249)
FN:1,(anonymous_250)
FN:1,(anonymous_251)
FN:1,(anonymous_252)
FN:1,(anonymous_253)
FN:1,(anonymous_254)
FN:1,(anonymous_255)
FN:1,(anonymous_256)
FN:1,(anonymous_257)
FN:1,(anonymous_258)
FN:1,g
FN:1,(anonymous_260)
FN:1,v
FN:1,(anonymous_262)
FN:1,(anonymous_263)
FN:1,y
FN:1,(anonymous_265)
FN:1,(anonymous_266)
FN:1,(anonymous_267)
FN:1,(anonymous_268)
FN:1,(anonymous_269)
FN:1,(anonymous_270)
FN:1,(anonymous_271)
FN:1,(anonymous_272)
FN:1,(anonymous_273)
FN:1,(anonymous_274)
FN:1,(anonymous_275)
FN:1,(anonymous_276)
FN:1,(anonymous_277)
FN:1,(anonymous_278)
FN:1,(anonymous_279)
FN:1,(anonymous_280)
FN:1,(anonymous_281)
FN:1,d
FN:1,f
FN:1,(anonymous_284)
FN:1,(anonymous_285)
FN:1,(anonymous_286)
FN:1,(anonymous_287)
FN:1,(anonymous_288)
FN:1,(anonymous_289)
FN:1,(anonymous_290)
FN:1,(anonymous_291)
FN:1,(anonymous_292)
FN:1,(anonymous_293)
FN:1,(anonymous_294)
FN:1,(anonymous_295)
FN:1,(anonymous_296)
FN:1,(anonymous_297)
FN:1,(anonymous_298)
FN:1,E
FN:1,(anonymous_300)
FN:1,O
FN:1,(anonymous_302)
FN:1,k
FN:1,(anonymous_304)
FN:1,(anonymous_305)
FN:1,P
FN:1,(anonymous_307)
FN:1,(anonymous_308)
FN:1,(anonymous_309)
FN:1,(anonymous_310)
FN:1,j
FN:1,(anonymous_312)
FN:1,(anonymous_313)
FN:1,(anonymous_314)
FN:1,(anonymous_315)
FN:1,(anonymous_316)
FN:1,(anonymous_317)
FN:1,(anonymous_318)
FN:1,(anonymous_319)
FN:1,(anonymous_320)
FN:1,(anonymous_321)
FN:1,(anonymous_322)
FN:1,(anonymous_323)
FN:1,(anonymous_324)
FN:1,(anonymous_325)
FN:1,(anonymous_326)
FN:1,(anonymous_327)
FN:1,(anonymous_328)
FN:1,(anonymous_329)
FN:1,(anonymous_330)
FN:1,(anonymous_331)
FN:1,(anonymous_332)
FN:1,(anonymous_333)
FN:1,(anonymous_334)
FN:1,(anonymous_335)
FN:1,(anonymous_336)
FN:1,(anonymous_337)
FN:1,(anonymous_338)
FN:1,(anonymous_339)
FN:1,(anonymous_340)
FN:1,(anonymous_341)
FN:1,(anonymous_342)
FN:1,(anonymous_343)
FN:1,(anonymous_344)
FN:1,(anonymous_345)
FN:1,(anonymous_346)
FN:1,(anonymous_347)
FN:1,(anonymous_348)
FN:1,(anonymous_349)
FN:1,(anonymous_350)
FN:1,(anonymous_351)
FN:1,(anonymous_352)
FN:1,(anonymous_353)
FN:1,(anonymous_354)
FN:1,(anonymous_355)
FN:1,(anonymous_356)
FN:1,(anonymous_357)
FN:1,(anonymous_358)
FN:1,(anonymous_359)
FN:1,(anonymous_360)
FN:1,(anonymous_361)
FN:1,(anonymous_362)
FN:1,(anonymous_363)
FN:1,(anonymous_364)
FN:1,(anonymous_365)
FN:1,(anonymous_366)
FN:1,(anonymous_367)
FN:1,(anonymous_368)
FN:1,(anonymous_369)
FN:1,(anonymous_370)
FN:1,(anonymous_371)
FN:1,(anonymous_372)
FN:1,(anonymous_373)
FN:1,(anonymous_374)
FN:1,(anonymous_375)
FN:1,(anonymous_376)
FN:1,(anonymous_377)
FN:1,(anonymous_378)
FN:1,(anonymous_379)
FN:1,(anonymous_380)
FN:1,(anonymous_381)
FN:1,(anonymous_382)
FN:1,(anonymous_383)
FN:1,(anonymous_384)
FN:1,(anonymous_385)
FN:1,(anonymous_386)
FN:1,(anonymous_387)
FN:1,(anonymous_388)
FN:1,g
FN:1,(anonymous_390)
FN:1,(anonymous_391)
FN:1,(anonymous_392)
FN:1,(anonymous_393)
FN:1,(anonymous_394)
FN:1,(anonymous_395)
FN:1,(anonymous_396)
FN:1,(anonymous_397)
FN:1,(anonymous_398)
FN:1,(anonymous_399)
FN:1,(anonymous_400)
FN:1,(anonymous_401)
FN:1,(anonymous_402)
FN:1,(anonymous_403)
FN:1,(anonymous_404)
FN:1,(anonymous_405)
FN:1,(anonymous_406)
FN:1,(anonymous_407)
FN:1,c
FN:1,(anonymous_409)
FN:1,(anonymous_410)
FN:1,(anonymous_411)
FN:1,(anonymous_412)
FN:1,(anonymous_413)
FN:1,(anonymous_414)
FN:1,r
FN:1,(anonymous_416)
FN:1,(anonymous_417)
FN:1,(anonymous_418)
FN:1,(anonymous_419)
FN:1,(anonymous_420)
FN:1,(anonymous_421)
FN:1,(anonymous_422)
FN:1,(anonymous_423)
FN:1,(anonymous_424)
FN:1,(anonymous_425)
FN:1,(anonymous_426)
FN:1,(anonymous_427)
FN:1,(anonymous_428)
FN:1,(anonymous_429)
FN:1,(anonymous_430)
FN:1,(anonymous_431)
FN:1,(anonymous_432)
FN:1,(anonymous_433)
FN:1,(anonymous_434)
FN:1,(anonymous_435)
FN:1,t
FN:1,(anonymous_437)
FN:1,(anonymous_438)
FN:1,(anonymous_439)
FN:1,(anonymous_440)
FN:1,(anonymous_441)
FN:1,(anonymous_442)
FN:1,(anonymous_443)
FN:1,(anonymous_444)
FN:1,(anonymous_445)
FN:1,(anonymous_446)
FN:1,t
FN:1,(anonymous_448)
FN:1,(anonymous_449)
FN:1,(anonymous_450)
FN:1,(anonymous_451)
FN:1,(anonymous_452)
FN:1,(anonymous_453)
FN:1,(anonymous_454)
FN:1,(anonymous_455)
FN:1,(anonymous_456)
FN:1,(anonymous_457)
FN:1,(anonymous_458)
FN:1,(anonymous_459)
FN:1,(anonymous_460)
FN:1,(anonymous_461)
FN:1,(anonymous_462)
FN:1,(anonymous_463)
FN:1,(anonymous_464)
FN:1,(anonymous_465)
FN:1,(anonymous_466)
FN:1,(anonymous_467)
FN:1,(anonymous_468)
FN:1,(anonymous_469)
FN:1,(anonymous_470)
FN:1,(anonymous_471)
FN:1,(anonymous_472)
FN:1,(anonymous_473)
FN:1,(anonymous_474)
FN:1,(anonymous_475)
FN:1,(anonymous_476)
FN:1,(anonymous_477)
FN:1,(anonymous_478)
FN:1,(anonymous_479)
FN:1,(anonymous_480)
FN:1,t
FN:1,(anonymous_482)
FN:1,(anonymous_483)
FN:1,(anonymous_484)
FN:1,(anonymous_485)
FN:1,(anonymous_486)
FN:1,(anonymous_487)
FN:1,fe
FN:1,(anonymous_489)
FN:1,be
FN:1,(anonymous_491)
FN:1,(anonymous_492)
FN:1,(anonymous_493)
FN:1,(anonymous_494)
FN:1,(anonymous_495)
FN:1,(anonymous_496)
FN:1,(anonymous_497)
FN:1,(anonymous_498)
FN:1,(anonymous_499)
FN:1,(anonymous_500)
FN:1,(anonymous_501)
FN:1,t
FN:1,(anonymous_503)
FN:1,(anonymous_504)
FN:1,(anonymous_505)
FN:1,(anonymous_506)
FN:1,t
FN:1,(anonymous_508)
FN:1,(anonymous_509)
FN:1,(anonymous_510)
FN:1,(anonymous_511)
FN:1,(anonymous_512)
FN:1,(anonymous_513)
FN:1,(anonymous_514)
FN:1,(anonymous_515)
FN:1,(anonymous_516)
FN:1,(anonymous_517)
FN:1,(anonymous_518)
FN:1,(anonymous_519)
FN:1,(anonymous_520)
FN:1,(anonymous_521)
FN:1,(anonymous_522)
FN:1,(anonymous_523)
FN:1,(anonymous_524)
FN:1,(anonymous_525)
FN:1,(anonymous_526)
FN:1,(anonymous_527)
FN:1,(anonymous_528)
FN:1,(anonymous_529)
FN:1,(anonymous_530)
FN:1,(anonymous_531)
FN:1,(anonymous_532)
FN:1,(anonymous_533)
FN:1,(anonymous_534)
FN:1,(anonymous_535)
FN:1,(anonymous_536)
FN:1,(anonymous_537)
FN:1,(anonymous_538)
FN:1,(anonymous_539)
FN:1,(anonymous_540)
FN:1,(anonymous_541)
FN:1,Je
FN:1,(anonymous_543)
FN:1,(anonymous_544)
FN:1,(anonymous_545)
FN:1,(anonymous_546)
FN:1,(anonymous_547)
FN:1,(anonymous_548)
FN:1,lt
FN:1,(anonymous_550)
FN:1,dt
FN:1,(anonymous_552)
FN:1,n
FN:1,(anonymous_554)
FN:1,(anonymous_555)
FN:1,(anonymous_556)
FN:1,(anonymous_557)
FN:1,(anonymous_558)
FN:1,(anonymous_559)
FN:1,(anonymous_560)
FN:1,e
FN:1,(anonymous_562)
FN:1,(anonymous_563)
FN:1,t
FN:1,(anonymous_565)
FN:1,(anonymous_566)
FN:1,(anonymous_567)
FN:1,(anonymous_568)
FN:1,(anonymous_569)
FN:1,(anonymous_570)
FN:1,(anonymous_571)
FN:1,(anonymous_572)
FN:1,(anonymous_573)
FN:1,(anonymous_574)
FN:1,(anonymous_575)
FN:1,(anonymous_576)
FN:1,(anonymous_577)
FN:1,(anonymous_578)
FN:1,(anonymous_579)
FN:1,(anonymous_580)
FN:1,bt
FN:1,wt
FN:1,St
FN:1,_t
FN:1,kt
FN:1,(anonymous_586)
FN:1,Pt
FN:1,(anonymous_588)
FN:1,Ct
FN:1,(anonymous_590)
FN:1,(anonymous_591)
FN:1,(anonymous_592)
FN:1,(anonymous_593)
FN:1,(anonymous_594)
FN:1,(anonymous_595)
FN:1,(anonymous_596)
FN:1,(anonymous_597)
FN:1,(anonymous_598)
FN:1,(anonymous_599)
FN:1,(anonymous_600)
FN:1,(anonymous_601)
FN:1,(anonymous_602)
FN:1,(anonymous_603)
FN:1,(anonymous_604)
FN:1,(anonymous_605)
[...]
BRDA:1,3344,0,0
BRDA:1,3344,1,0
BRDA:1,3345,0,0
BRDA:1,3345,1,0
BRDA:1,3346,0,0
BRDA:1,3346,1,0
BRDA:1,3347,0,0
BRDA:1,3347,1,0
BRDA:1,3348,0,0
BRDA:1,3348,1,0
BRDA:1,3349,0,0
BRDA:1,3349,1,0
BRDA:1,3349,2,0
BRDA:1,3350,0,0
BRDA:1,3350,1,0
BRDA:1,3351,0,0
BRDA:1,3351,1,0
BRDA:1,3352,0,0
BRDA:1,3352,1,0
BRDA:1,3353,0,0
BRDA:1,3353,1,0
BRDA:1,3354,0,0
BRDA:1,3354,1,0
BRDA:1,3355,0,0
BRDA:1,3355,1,0
BRDA:1,3356,0,0
BRDA:1,3356,1,0
BRDA:1,3357,0,0
BRDA:1,3357,1,0
BRDA:1,3358,0,0
BRDA:1,3358,1,0
BRDA:1,3359,0,0
BRDA:1,3359,1,0
BRDA:1,3360,0,0
BRDA:1,3360,1,0
BRDA:1,3360,2,0
BRDA:1,3361,0,0
BRDA:1,3361,1,0
BRDA:1,3362,0,0
BRDA:1,3362,1,0
BRDA:1,3363,0,0
BRDA:1,3363,1,0
BRDA:1,3364,0,0
BRDA:1,3364,1,0
BRDA:1,3365,0,0
BRDA:1,3365,1,0
BRDA:1,3366,0,0
BRDA:1,3366,1,0
BRDA:1,3366,2,0
BRDA:1,3367,0,0
BRDA:1,3367,1,0
BRDA:1,3368,0,0
BRDA:1,3368,1,0
BRDA:1,3369,0,0
BRDA:1,3369,1,0
BRDA:1,3369,2,0
BRDA:1,3370,0,0
BRDA:1,3370,1,0
BRDA:1,3371,0,0
BRDA:1,3371,1,0
BRDA:1,3371,2,0
BRDA:1,3371,3,0
BRDA:1,3372,0,0
BRDA:1,3372,1,0
BRDA:1,3373,0,0
BRDA:1,3373,1,0
BRDA:1,3373,2,0
BRDA:1,3374,0,0
BRDA:1,3374,1,0
BRDA:1,3375,0,0
BRDA:1,3375,1,0
BRDA:1,3376,0,0
BRDA:1,3376,1,0
BRDA:1,3377,0,0
BRDA:1,3377,1,0
BRDA:1,3378,0,0
BRDA:1,3378,1,0
BRDA:1,3379,0,0
BRDA:1,3379,1,0
BRDA:1,3380,0,0
BRDA:1,3380,1,0
BRDA:1,3381,0,0
BRDA:1,3381,1,0
BRDA:1,3382,0,0
BRDA:1,3382,1,0
BRDA:1,3383,0,0
BRDA:1,3383,1,0
BRDA:1,3384,0,0
BRDA:1,3384,1,0
BRDA:1,3385,0,0
BRDA:1,3385,1,0
BRDA:1,3386,0,0
BRDA:1,3386,1,0
BRDA:1,3387,0,0
BRDA:1,3387,1,0
BRDA:1,3388,0,0
BRDA:1,3388,1,0
BRDA:1,3389,0,0
BRDA:1,3389,1,0
BRDA:1,3390,0,0
BRDA:1,3390,1,0
BRDA:1,3390,2,0
BRDA:1,3391,0,0
BRDA:1,3391,1,0
BRDA:1,3392,0,0
BRDA:1,3392,1,0
BRDA:1,3393,0,0
BRDA:1,3393,1,0
BRDA:1,3394,0,0
BRDA:1,3394,1,0
BRDA:1,3395,0,0
BRDA:1,3395,1,0
BRDA:1,3395,2,0
BRDA:1,3396,0,0
BRDA:1,3396,1,0
BRDA:1,3397,0,0
BRDA:1,3397,1,0
BRDA:1,3398,0,0
BRDA:1,3398,1,0
BRDA:1,3398,2,0
BRDA:1,3398,3,0
BRDA:1,3399,0,0
BRDA:1,3399,1,0
BRDA:1,3399,2,0
BRDA:1,3400,0,0
BRDA:1,3400,1,0
BRDA:1,3401,0,0
BRDA:1,3401,1,0
BRDA:1,3401,2,0
BRDA:1,3402,0,0
BRDA:1,3402,1,0
BRDA:1,3403,0,0
BRDA:1,3403,1,0
BRDA:1,3404,0,0
BRDA:1,3404,1,0
BRDA:1,3405,0,0
BRDA:1,3405,1,0
BRDA:1,3406,0,0
BRDA:1,3406,1,0
BRDA:1,3407,0,0
BRDA:1,3407,1,0
BRDA:1,3408,0,0
BRDA:1,3408,1,0
BRDA:1,3409,0,0
BRDA:1,3409,1,0
BRDA:1,3410,0,0
BRDA:1,3410,1,0
BRDA:1,3411,0,0
BRDA:1,3411,1,0
BRDA:1,3412,0,0
BRDA:1,3412,1,0
BRDA:1,3413,0,0
BRDA:1,3413,1,0
BRDA:1,3413,2,0
BRDA:1,3413,3,0
BRDA:1,3413,4,0
BRDA:1,3413,5,0
BRDA:1,3414,0,0
BRDA:1,3414,1,0
BRDA:1,3415,0,0
BRDA:1,3415,1,0
BRDA:1,3416,0,0
BRDA:1,3416,1,0
BRDA:1,3417,0,0
BRDA:1,3417,1,0
BRDA:1,3418,0,0
BRDA:1,3418,1,0
BRDA:1,3419,0,0
BRDA:1,3419,1,0
BRDA:1,3420,0,0
BRDA:1,3420,1,0
BRDA:1,3420,2,0
BRDA:1,3421,0,0
BRDA:1,3421,1,0
BRDA:1,3422,0,0
BRDA:1,3422,1,0
BRDA:1,3423,0,0
BRDA:1,3423,1,0
BRDA:1,3424,0,0
BRDA:1,3424,1,0
BRDA:1,3425,0,0
BRDA:1,3425,1,0
BRDA:1,3426,0,0
BRDA:1,3426,1,0
BRDA:1,3427,0,0
BRDA:1,3427,1,0
BRDA:1,3428,0,0
BRDA:1,3428,1,0
BRDA:1,3429,0,0
BRDA:1,3429,1,0
BRDA:1,3430,0,0
BRDA:1,3430,1,0
BRDA:1,3430,2,0
BRDA:1,3431,0,0
BRDA:1,3431,1,0
BRDA:1,3432,0,0
BRDA:1,3432,1,0
BRDA:1,3433,0,0
BRDA:1,3433,1,0
BRDA:1,3434,0,0
BRDA:1,3434,1,0
BRDA:1,3435,0,0
BRDA:1,3435,1,0
BRDA:1,3436,0,0
BRDA:1,3436,1,0
BRDA:1,3437,0,0
BRDA:1,3437,1,0
BRDA:1,3438,0,0
BRDA:1,3438,1,0
BRDA:1,3439,0,0
BRDA:1,3439,1,0
BRDA:1,3440,0,0
BRDA:1,3440,1,0
BRDA:1,3441,0,0
BRDA:1,3441,1,0
BRDA:1,3441,2,0
BRDA:1,3442,0,0
BRDA:1,3442,1,0
BRDA:1,3443,0,0
BRDA:1,3443,1,0
BRDA:1,3444,0,0
BRDA:1,3444,1,0
BRDA:1,3445,0,0
BRDA:1,3445,1,0
BRDA:1,3445,2,0
BRDA:1,3446,0,0
BRDA:1,3446,1,0
BRDA:1,3447,0,0
BRDA:1,3447,1,0
BRDA:1,3448,0,0
BRDA:1,3448,1,0
BRDA:1,3449,0,0
BRDA:1,3449,1,0
BRDA:1,3450,0,0
BRDA:1,3450,1,0
BRDA:1,3451,0,0
BRDA:1,3451,1,0
BRDA:1,3452,0,0
BRDA:1,3452,1,0
BRDA:1,3453,0,0
BRDA:1,3453,1,0
BRDA:1,3454,0,0
BRDA:1,3454,1,0
BRDA:1,3455,0,0
BRDA:1,3455,1,0
BRDA:1,3456,0,0
BRDA:1,3456,1,0
BRDA:1,3457,0,0
BRDA:1,3457,1,0
BRDA:1,3458,0,0
BRDA:1,3458,1,0
BRDA:1,3459,0,0
BRDA:1,3459,1,0
BRDA:1,3460,0,0
BRDA:1,3460,1,0
BRDA:1,3461,0,0
BRDA:1,3461,1,0
BRDA:1,3462,0,0
BRDA:1,3462,1,0
BRDA:1,3462,2,0
BRDA:1,3463,0,0
BRDA:1,3463,1,0
BRDA:1,3464,0,0
BRDA:1,3464,1,0
BRDA:1,3465,0,0
BRDA:1,3465,1,0
BRDA:1,3466,0,0
BRDA:1,3466,1,0
BRDA:1,3467,0,0
BRDA:1,3467,1,0
BRDA:1,3468,0,0
BRDA:1,3468,1,0
BRDA:1,3469,0,0
BRDA:1,3469,1,0
BRDA:1,3470,0,0
BRDA:1,3470,1,0
BRDA:1,3471,0,0
BRDA:1,3471,1,0
BRDA:1,3471,2,0
BRDA:1,3472,0,0
BRDA:1,3472,1,0
BRDA:1,3473,0,0
BRDA:1,3473,1,0
BRDA:1,3474,0,0
BRDA:1,3474,1,0
BRDA:1,3475,0,0
BRDA:1,3475,1,0
BRDA:1,3476,0,0
BRDA:1,3476,1,0
BRDA:1,3477,0,0
BRDA:1,3477,1,0
BRDA:1,3477,2,0
BRDA:1,3478,0,0
BRDA:1,3478,1,0
BRDA:1,3479,0,0
BRDA:1,3479,1,0
BRDA:1,3480,0,0
BRDA:1,3480,1,0
BRDA:1,3481,0,0
BRDA:1,3481,1,0
BRDA:1,3482,0,0
BRDA:1,3482,1,0
BRDA:1,3483,0,0
BRDA:1,3483,1,0
BRDA:1,3483,2,0
BRDA:1,3484,0,0
BRDA:1,3484,1,0
BRDA:1,3485,0,0
BRDA:1,3485,1,0
BRDA:1,3486,0,0
BRDA:1,3486,1,0
BRDA:1,3487,0,0
BRDA:1,3487,1,0
BRDA:1,3488,0,0
BRDA:1,3488,1,0
BRDA:1,3489,0,0
BRDA:1,3489,1,0
BRDA:1,3490,0,0
BRDA:1,3490,1,0
BRDA:1,3491,0,0
BRDA:1,3491,1,0
BRDA:1,3492,0,0
BRDA:1,3492,1,0
BRDA:1,3493,0,0
BRDA:1,3493,1,0
BRDA:1,3494,0,0
BRDA:1,3494,1,0
BRDA:1,3494,2,0
BRDA:1,3495,0,0
BRDA:1,3495,1,0
BRDA:1,3496,0,0
BRDA:1,3496,1,0
BRDA:1,3497,0,0
BRDA:1,3497,1,0
BRDA:1,3498,0,0
BRDA:1,3498,1,0
BRDA:1,3499,0,0
BRDA:1,3499,1,0
BRDA:1,3500,0,0
BRDA:1,3500,1,0
BRDA:1,3501,0,0
BRDA:1,3501,1,0
BRDA:1,3502,0,0
BRDA:1,3502,1,0
BRDA:1,3503,0,0
BRDA:1,3503,1,0
BRDA:1,3504,0,0
BRDA:1,3504,1,0
BRDA:1,3505,0,0
BRDA:1,3505,1,0
BRDA:1,3506,0,0
BRDA:1,3506,1,0
BRDA:1,3507,0,0
BRDA:1,3507,1,0
BRDA:1,3508,0,0
BRDA:1,3508,1,0
BRDA:1,3509,0,0
BRDA:1,3509,1,0
BRDA:1,3510,0,0
BRDA:1,3510,1,0
BRDA:1,3511,0,0
BRDA:1,3511,1,0
BRDA:1,3512,0,0
BRDA:1,3512,1,0
BRDA:1,3513,0,0
BRDA:1,3513,1,0
BRDA:1,3514,0,0
BRDA:1,3514,1,0
BRDA:1,3515,0,0
BRDA:1,3515,1,0
BRDA:1,3516,0,0
BRDA:1,3516,1,0
BRDA:1,3517,0,0
BRDA:1,3517,1,0
BRDA:1,3518,0,0
BRDA:1,3518,1,0
BRDA:1,3519,0,0
BRDA:1,3519,1,0
BRDA:1,3520,0,0
BRDA:1,3520,1,0
BRDA:1,3521,0,0
BRDA:1,3521,1,0
BRDA:1,3522,0,0
BRDA:1,3522,1,0
BRDA:1,3523,0,0
BRDA:1,3523,1,0
BRDA:1,3524,0,0
BRDA:1,3524,1,0
BRDA:1,3525,0,0
BRDA:1,3525,1,0
BRDA:1,3526,0,0
BRDA:1,3526,1,0
BRDA:1,3527,0,0
BRDA:1,3527,1,0
BRDA:1,3528,0,0
BRDA:1,3528,1,0
BRDA:1,3529,0,0
BRDA:1,3529,1,0
BRDA:1,3530,0,0
BRDA:1,3530,1,0
BRDA:1,3531,0,0
BRDA:1,3531,1,0
BRDA:1,3532,0,0
BRDA:1,3532,1,0
BRDA:1,3533,0,0
BRDA:1,3533,1,0
BRDA:1,3534,0,0
BRDA:1,3534,1,0
BRDA:1,3534,2,0
BRDA:1,3534,3,0
BRDA:1,3534,4,0
BRDA:1,3534,5,0
BRDA:1,3535,0,0
BRDA:1,3535,1,0
BRDA:1,3535,2,0
BRDA:1,3535,3,0
BRDA:1,3536,0,0
BRDA:1,3536,1,0
BRDA:1,3537,0,0
BRDA:1,3537,1,0
BRDA:1,3538,0,0
BRDA:1,3538,1,0
BRDA:1,3538,2,0
BRDA:1,3539,0,0
BRDA:1,3539,1,0
BRDA:1,3539,2,0
BRDA:1,3539,3,0
BRDA:1,3539,4,0
BRDA:1,3540,0,0
BRDA:1,3540,1,0
BRDA:1,3541,0,0
BRDA:1,3541,1,0
BRDA:1,3542,0,0
BRDA:1,3542,1,0
BRDA:1,3543,0,0
BRDA:1,3543,1,0
BRDA:1,3544,0,0
BRDA:1,3544,1,0
BRDA:1,3545,0,0
BRDA:1,3545,1,0
BRDA:1,3546,0,0
BRDA:1,3546,1,0
BRDA:1,3547,0,0
BRDA:1,3547,1,0
BRDA:1,3547,2,0
BRDA:1,3547,3,0
BRDA:1,3548,0,0
BRDA:1,3548,1,0
BRDA:1,3549,0,0
BRDA:1,3549,1,0
BRDA:1,3549,2,0
BRDA:1,3550,0,0
BRDA:1,3550,1,0
BRDA:1,3551,0,0
BRDA:1,3551,1,0
BRDA:1,3552,0,0
BRDA:1,3552,1,0
BRDA:1,3553,0,0
BRDA:1,3553,1,0
BRDA:1,3554,0,0
BRDA:1,3554,1,0
BRDA:1,3554,2,0
BRDA:1,3554,3,0
BRDA:1,3554,4,0
BRDA:1,3554,5,0
BRDA:1,3554,6,0
BRDA:1,3555,0,0
BRDA:1,3555,1,0
BRDA:1,3556,0,0
BRDA:1,3556,1,0
BRDA:1,3557,0,0
BRDA:1,3557,1,0
BRDA:1,3558,0,0
BRDA:1,3558,1,0
BRDA:1,3559,0,0
BRDA:1,3559,1,0
BRDA:1,3560,0,0
BRDA:1,3560,1,0
BRDA:1,3561,0,0
BRDA:1,3561,1,0
BRDA:1,3562,0,0
BRDA:1,3562,1,0
BRDA:1,3563,0,0
BRDA:1,3563,1,0
BRDA:1,3564,0,0
BRDA:1,3564,1,0
BRDA:1,3565,0,0
BRDA:1,3565,1,0
BRDA:1,3566,0,0
BRDA:1,3566,1,0
BRDA:1,3567,0,0
BRDA:1,3567,1,0
BRDA:1,3567,2,0
BRDA:1,3568,0,0
BRDA:1,3568,1,0
BRDA:1,3569,0,0
BRDA:1,3569,1,0
BRDA:1,3570,0,0
BRDA:1,3570,1,0
BRDA:1,3570,2,0
BRDA:1,3571,0,0
BRDA:1,3571,1,0
BRDA:1,3571,2,0
BRDA:1,3571,3,0
BRDA:1,3572,0,0
BRDA:1,3572,1,0
BRDA:1,3573,0,0
BRDA:1,3573,1,0
BRDA:1,3574,0,0
BRDA:1,3574,1,0
BRDA:1,3575,0,0
BRDA:1,3575,1,0
BRDA:1,3575,2,0
BRDA:1,3576,0,0
BRDA:1,3576,1,0
BRDA:1,3577,0,0
BRDA:1,3577,1,0
BRDA:1,3578,0,0
BRDA:1,3578,1,0
BRDA:1,3578,2,0
BRDA:1,3579,0,0
BRDA:1,3579,1,0
BRDA:1,3580,0,0
BRDA:1,3580,1,0
BRDA:1,3581,0,0
BRDA:1,3581,1,0
BRDA:1,3581,2,0
BRDA:1,3582,0,0
BRDA:1,3582,1,0
BRDA:1,3582,2,0
BRDA:1,3582,3,0
BRDA:1,3583,0,0
BRDA:1,3583,1,0
BRDA:1,3583,2,0
BRDA:1,3584,0,0
BRDA:1,3584,1,0
BRDA:1,3585,0,0
BRDA:1,3585,1,0
BRDA:1,3586,0,0
BRDA:1,3586,1,0
BRDA:1,3587,0,0
BRDA:1,3587,1,0
BRDA:1,3588,0,0
BRDA:1,3588,1,0
BRDA:1,3589,0,0
BRDA:1,3589,1,0
BRDA:1,3589,2,0
BRDA:1,3590,0,0
BRDA:1,3590,1,0
BRDA:1,3591,0,0
BRDA:1,3591,1,0
BRDA:1,3592,0,0
BRDA:1,3592,1,0
BRDA:1,3593,0,0
BRDA:1,3593,1,0
BRDA:1,3594,0,0
BRDA:1,3594,1,0
BRDA:1,3595,0,0
BRDA:1,3595,1,0
BRDA:1,3596,0,0
BRDA:1,3596,1,0
BRDA:1,3597,0,0
BRDA:1,3597,1,0
BRDA:1,3598,0,0
BRDA:1,3598,1,0
BRDA:1,3599,0,0
BRDA:1,3599,1,0
BRDA:1,3600,0,0
BRDA:1,3600,1,0
BRDA:1,3601,0,0
BRDA:1,3601,1,0
BRDA:1,3602,0,0
BRDA:1,3602,1,0
BRDA:1,3603,0,0
BRDA:1,3603,1,0
BRDA:1,3604,0,0
BRDA:1,3604,1,0
BRDA:1,3605,0,0
BRDA:1,3605,1,0
BRDA:1,3606,0,0
BRDA:1,3606,1,0
BRDA:1,3607,0,0
BRDA:1,3607,1,0
BRDA:1,3608,0,0
BRDA:1,3608,1,0
BRDA:1,3609,0,0
BRDA:1,3609,1,0
BRDA:1,3610,0,0
BRDA:1,3610,1,0
BRDA:1,3611,0,0
BRDA:1,3611,1,0
BRDA:1,3612,0,0
BRDA:1,3612,1,0
BRDA:1,3613,0,0
BRDA:1,3613,1,0
BRDA:1,3614,0,0
BRDA:1,3614,1,0
BRDA:1,3615,0,0
BRDA:1,3615,1,0
BRDA:1,3616,0,0
BRDA:1,3616,1,0
BRDA:1,3617,0,0
BRDA:1,3617,1,0
BRDA:1,3618,0,0
BRDA:1,3618,1,0
BRDA:1,3619,0,0
BRDA:1,3619,1,0
BRDA:1,3620,0,0
BRDA:1,3620,1,0
BRDA:1,3620,2,0
BRDA:1,3621,0,0
BRDA:1,3621,1,0
BRDA:1,3622,0,0
BRDA:1,3622,1,0
BRDA:1,3623,0,0
BRDA:1,3623,1,0
BRDA:1,3624,0,0
BRDA:1,3624,1,0
BRDA:1,3624,2,0
BRDA:1,3624,3,0
BRDA:1,3625,0,0
BRDA:1,3625,1,0
BRDA:1,3626,0,0
BRDA:1,3626,1,0
BRDA:1,3627,0,0
BRDA:1,3627,1,0
BRDA:1,3628,0,0
BRDA:1,3628,1,0
BRDA:1,3629,0,0
BRDA:1,3629,1,0
BRDA:1,3630,0,0
BRDA:1,3630,1,0
BRDA:1,3631,0,0
BRDA:1,3631,1,0
BRDA:1,3632,0,0
BRDA:1,3632,1,0
BRDA:1,3633,0,0
BRDA:1,3633,1,0
BRDA:1,3634,0,0
BRDA:1,3634,1,0
BRDA:1,3634,2,0
BRDA:1,3634,3,0
BRDA:1,3635,0,0
BRDA:1,3635,1,0
BRDA:1,3636,0,0
BRDA:1,3636,1,0
BRDA:1,3637,0,0
BRDA:1,3637,1,0
BRDA:1,3638,0,0
BRDA:1,3638,1,0
BRDA:1,3639,0,0
BRDA:1,3639,1,0
BRDA:1,3640,0,0
BRDA:1,3640,1,0
BRDA:1,3641,0,0
BRDA:1,3641,1,0
BRDA:1,3642,0,0
BRDA:1,3642,1,0
BRDA:1,3643,0,0
BRDA:1,3643,1,0
BRDA:1,3643,2,0
BRDA:1,3644,0,0
BRDA:1,3644,1,0
BRDA:1,3645,0,0
BRDA:1,3645,1,0
BRDA:1,3646,0,0
BRDA:1,3646,1,0
BRDA:1,3647,0,0
BRDA:1,3647,1,0
BRDA:1,3648,0,0
BRDA:1,3648,1,0
BRDA:1,3649,0,0
BRDA:1,3649,1,0
BRDA:1,3650,0,0
BRDA:1,3650,1,0
BRDA:1,3650,2,0
BRDA:1,3651,0,0
BRDA:1,3651,1,0
BRDA:1,3652,0,0
BRDA:1,3652,1,0
BRDA:1,3653,0,0
BRDA:1,3653,1,0
BRDA:1,3654,0,0
BRDA:1,3654,1,0
BRDA:1,3655,0,0
BRDA:1,3655,1,0
BRDA:1,3656,0,0
BRDA:1,3656,1,0
BRDA:1,3657,0,0
BRDA:1,3657,1,0
BRDA:1,3658,0,0
BRDA:1,3658,1,0
BRDA:1,3659,0,0
BRDA:1,3659,1,0
BRDA:1,3660,0,0
BRDA:1,3660,1,0
BRDA:1,3661,0,0
BRDA:1,3661,1,0
BRDA:1,3662,0,0
BRDA:1,3662,1,0
BRDA:1,3663,0,0
BRDA:1,3663,1,0
BRDA:1,3663,2,0
BRDA:1,3664,0,0
BRDA:1,3664,1,0
BRDA:1,3665,0,0
BRDA:1,3665,1,0
BRDA:1,3666,0,0
BRDA:1,3666,1,0
BRDA:1,3667,0,0
BRDA:1,3667,1,0
BRDA:1,3668,0,0
BRDA:1,3668,1,0
BRDA:1,3669,0,0
BRDA:1,3669,1,0
BRDA:1,3670,0,0
BRDA:1,3670,1,0
BRDA:1,3671,0,0
BRDA:1,3671,1,0
BRDA:1,3672,0,0
BRDA:1,3672,1,0
BRDA:1,3673,0,0
BRDA:1,3673,1,0
BRDA:1,3674,0,0
BRDA:1,3674,1,0
BRDA:1,3675,0,0
BRDA:1,3675,1,0
BRDA:1,3676,0,0
BRDA:1,3676,1,0
BRDA:1,3677,0,0
BRDA:1,3677,1,0
BRDA:1,3678,0,0
BRDA:1,3678,1,0
BRDA:1,3679,0,0
BRDA:1,3679,1,0
BRDA:1,3680,0,0
BRDA:1,3680,1,0
BRDA:1,3681,0,0
BRDA:1,3681,1,0
BRDA:1,3682,0,0
BRDA:1,3682,1,0
BRDA:1,3683,0,0
BRDA:1,3683,1,0
BRDA:1,3684,0,0
BRDA:1,3684,1,0
BRDA:1,3685,0,0
BRDA:1,3685,1,0
BRDA:1,3685,2,0
BRDA:1,3685,3,0
BRDA:1,3685,4,0
BRDA:1,3686,0,0
BRDA:1,3686,1,0
BRDA:1,3687,0,0
BRDA:1,3687,1,0
BRDA:1,3688,0,0
BRDA:1,3688,1,0
BRDA:1,3689,0,0
BRDA:1,3689,1,0
BRDA:1,3690,0,0
BRDA:1,3690,1,0
BRDA:1,3691,0,0
BRDA:1,3691,1,0
BRDA:1,3691,2,0
BRDA:1,3692,0,0
BRDA:1,3692,1,0
BRDA:1,3693,0,0
BRDA:1,3693,1,0
BRDA:1,3694,0,0
BRDA:1,3694,1,0
BRDA:1,3695,0,0
BRDA:1,3695,1,0
BRDA:1,3696,0,0
BRDA:1,3696,1,0
BRDA:1,3697,0,0
BRDA:1,3697,1,0
BRDA:1,3698,0,0
BRDA:1,3698,1,0
BRDA:1,3699,0,0
BRDA:1,3699,1,0
BRDA:1,3700,0,0
BRDA:1,3700,1,0
BRDA:1,3701,0,0
BRDA:1,3701,1,0
BRDA:1,3702,0,0
BRDA:1,3702,1,0
BRDA:1,3703,0,0
BRDA:1,3703,1,0
BRDA:1,3704,0,0
BRDA:1,3704,1,0
BRDA:1,3705,0,0
BRDA:1,3705,1,0
BRDA:1,3706,0,0
BRDA:1,3706,1,0
BRDA:1,3707,0,0
BRDA:1,3707,1,0
BRDA:1,3708,0,0
BRDA:1,3708,1,0
BRDA:1,3709,0,0
BRDA:1,3709,1,0
BRDA:1,3710,0,0
BRDA:1,3710,1,0
BRDA:1,3711,0,0
BRDA:1,3711,1,0
BRDA:1,3712,0,0
BRDA:1,3712,1,0
BRDA:1,3713,0,0
BRDA:1,3713,1,0
BRDA:1,3714,0,0
BRDA:1,3714,1,0
BRDA:1,3715,0,0
BRDA:1,3715,1,0
BRDA:1,3716,0,0
BRDA:1,3716,1,0
BRDA:1,3717,0,0
BRDA:1,3717,1,0
BRDA:1,3718,0,0
BRDA:1,3718,1,0
BRDA:1,3719,0,0
BRDA:1,3719,1,0
BRDA:1,3720,0,0
BRDA:1,3720,1,0
BRDA:1,3721,0,0
BRDA:1,3721,1,0
BRDA:1,3722,0,0
BRDA:1,3722,1,0
BRDA:1,3723,0,0
BRDA:1,3723,1,0
BRDA:1,3724,0,0
BRDA:1,3724,1,0
BRDA:1,3725,0,0
BRDA:1,3725,1,0
BRDA:1,3726,0,0
BRDA:1,3726,1,0
BRDA:1,3727,0,0
BRDA:1,3727,1,0
BRDA:1,3728,0,0
BRDA:1,3728,1,0
BRDA:1,3729,0,0
BRDA:1,3729,1,0
BRDA:1,3730,0,0
BRDA:1,3730,1,0
BRDA:1,3731,0,0
BRDA:1,3731,1,0
BRDA:1,3732,0,0
BRDA:1,3732,1,0
BRDA:1,3733,0,0
BRDA:1,3733,1,0
BRDA:1,3734,0,0
BRDA:1,3734,1,0
BRDA:1,3735,0,0
BRDA:1,3735,1,0
BRDA:1,3736,0,0
BRDA:1,3736,1,0
BRDA:1,3737,0,0
BRDA:1,3737,1,0
BRDA:1,3738,0,0
BRDA:1,3738,1,0
BRDA:1,3739,0,0
BRDA:1,3739,1,0
BRDA:1,3740,0,0
BRDA:1,3740,1,0
BRDA:1,3741,0,0
BRDA:1,3741,1,0
BRDA:1,3742,0,0
BRDA:1,3742,1,0
BRDA:1,3743,0,0
BRDA:1,3743,1,0
BRDA:1,3744,0,0
BRDA:1,3744,1,0
BRDA:1,3745,0,0
BRDA:1,3745,1,0
BRDA:1,3746,0,0
BRDA:1,3746,1,0
BRDA:1,3746,2,0
BRDA:1,3746,3,0
BRDA:1,3746,4,0
BRDA:1,3747,0,0
BRDA:1,3747,1,0
BRDA:1,3748,0,0
BRDA:1,3748,1,0
BRDA:1,3749,0,0
BRDA:1,3749,1,0
BRDA:1,3750,0,0
BRDA:1,3750,1,0
BRDA:1,3751,0,0
BRDA:1,3751,1,0
BRDA:1,3752,0,0
BRDA:1,3752,1,0
BRDA:1,3753,0,0
BRDA:1,3753,1,0
BRDA:1,3754,0,0
BRDA:1,3754,1,0
BRDA:1,3755,0,0
BRDA:1,3755,1,0
BRDA:1,3756,0,0
BRDA:1,3756,1,0
BRDA:1,3757,0,0
BRDA:1,3757,1,0
BRDA:1,3758,0,0
BRDA:1,3758,1,0
BRDA:1,3759,0,0
BRDA:1,3759,1,0
BRDA:1,3760,0,0
BRDA:1,3760,1,0
BRDA:1,3761,0,0
BRDA:1,3761,1,0
BRDA:1,3762,0,0
BRDA:1,3762,1,0
BRDA:1,3763,0,0
BRDA:1,3763,1,0
BRDA:1,3764,0,0
BRDA:1,3764,1,0
BRDA:1,3765,0,0
BRDA:1,3765,1,0
BRDA:1,3766,0,0
BRDA:1,3766,1,0
BRDA:1,3767,0,0
BRDA:1,3767,1,0
BRDA:1,3768,0,0
BRDA:1,3768,1,0
BRDA:1,3769,0,0
BRDA:1,3769,1,0
BRDA:1,3770,0,0
BRDA:1,3770,1,0
BRDA:1,3771,0,0
BRDA:1,3771,1,0
BRDA:1,3772,0,0
BRDA:1,3772,1,0
BRDA:1,3773,0,0
BRDA:1,3773,1,0
BRDA:1,3774,0,0
BRDA:1,3774,1,0
BRDA:1,3775,0,0
BRDA:1,3775,1,0
BRDA:1,3776,0,0
BRDA:1,3776,1,0
BRDA:1,3777,0,0
BRDA:1,3777,1,0
BRDA:1,3778,0,0
BRDA:1,3778,1,0
BRF:8394
BRH:0
end_of_record
TN:
SF:/Users/eddie/work/mobile/conference-app/web-build/static/js/app.2894f8ee.chunk.js
FN:1,(anonymous_0)
FN:1,(anonymous_1)
FN:1,(anonymous_2)
FN:1,(anonymous_3)
FN:1,(anonymous_4)
FN:1,(anonymous_5)
FN:1,(anonymous_6)
FN:1,(anonymous_7)
FN:1,(anonymous_8)
FN:1,(anonymous_9)
FN:1,(anonymous_10)
FN:1,(anonymous_11)
FN:1,(anonymous_12)
FN:1,(anonymous_13)
FN:1,(anonymous_14)
FN:1,(anonymous_15)
FN:1,M
FN:1,G
FN:1,(anonymous_18)
FN:1,(anonymous_19)
FN:1,a
FN:1,l
FN:1,(anonymous_22)
FN:1,(anonymous_23)
FN:1,(anonymous_24)
FN:1,(anonymous_25)
FN:1,(anonymous_26)
FN:1,(anonymous_27)
FN:1,(anonymous_28)
FN:1,(anonymous_29)
FN:1,(anonymous_30)
FN:1,(anonymous_31)
FN:1,(anonymous_32)
FN:1,(anonymous_33)
FN:1,(anonymous_34)
FN:1,(anonymous_35)
FN:1,(anonymous_36)
FN:1,(anonymous_37)
FN:1,(anonymous_38)
FN:1,(anonymous_39)
FN:1,(anonymous_40)
FN:1,(anonymous_41)
FN:1,(anonymous_42)
FN:1,(anonymous_43)
FN:1,(anonymous_44)
FN:1,Ae
FN:1,(anonymous_46)
FN:1,(anonymous_47)
FN:1,(anonymous_48)
FN:1,(anonymous_49)
FN:1,(anonymous_50)
FN:1,a
FN:1,l
FN:1,(anonymous_53)
FN:1,(anonymous_54)
FN:1,(anonymous_55)
FN:1,(anonymous_56)
FN:1,(anonymous_57)
FN:1,(anonymous_58)
FN:1,(anonymous_59)
FN:1,(anonymous_60)
FN:1,(anonymous_61)
FN:1,(anonymous_62)
FN:1,(anonymous_63)
FN:1,(anonymous_64)
FN:1,(anonymous_65)
FN:1,(anonymous_66)
FN:1,(anonymous_67)
FN:1,(anonymous_68)
FN:1,(anonymous_69)
FN:1,(anonymous_70)
FN:1,(anonymous_71)
FN:1,(anonymous_72)
FNF:73
FNH:0
FNDA:0,(anonymous_0)
FNDA:0,(anonymous_1)
FNDA:0,(anonymous_2)
FNDA:0,(anonymous_3)
FNDA:0,(anonymous_4)
FNDA:0,(anonymous_5)
FNDA:0,(anonymous_6)
FNDA:0,(anonymous_7)
FNDA:0,(anonymous_8)
FNDA:0,(anonymous_9)
FNDA:0,(anonymous_10)
FNDA:0,(anonymous_11)
FNDA:0,(anonymous_12)
FNDA:0,(anonymous_13)
FNDA:0,(anonymous_14)
FNDA:0,(anonymous_15)
FNDA:0,M
FNDA:0,G
FNDA:0,(anonymous_18)
FNDA:0,(anonymous_19)
FNDA:0,a
FNDA:0,l
FNDA:0,(anonymous_22)
FNDA:0,(anonymous_23)
FNDA:0,(anonymous_24)
FNDA:0,(anonymous_25)
FNDA:0,(anonymous_26)
FNDA:0,(anonymous_27)
FNDA:0,(anonymous_28)
FNDA:0,(anonymous_29)
FNDA:0,(anonymous_30)
FNDA:0,(anonymous_31)
FNDA:0,(anonymous_32)
FNDA:0,(anonymous_33)
FNDA:0,(anonymous_34)
FNDA:0,(anonymous_35)
FNDA:0,(anonymous_36)
FNDA:0,(anonymous_37)
FNDA:0,(anonymous_38)
FNDA:0,(anonymous_39)
FNDA:0,(anonymous_40)
FNDA:0,(anonymous_41)
FNDA:0,(anonymous_42)
FNDA:0,(anonymous_43)
FNDA:0,(anonymous_44)
FNDA:0,Ae
FNDA:0,(anonymous_46)
FNDA:0,(anonymous_47)
FNDA:0,(anonymous_48)
FNDA:0,(anonymous_49)
FNDA:0,(anonymous_50)
FNDA:0,a
FNDA:0,l
FNDA:0,(anonymous_53)
FNDA:0,(anonymous_54)
FNDA:0,(anonymous_55)
FNDA:0,(anonymous_56)
FNDA:0,(anonymous_57)
FNDA:0,(anonymous_58)
FNDA:0,(anonymous_59)
FNDA:0,(anonymous_60)
FNDA:0,(anonymous_61)
FNDA:0,(anonymous_62)
FNDA:0,(anonymous_63)
FNDA:0,(anonymous_64)
FNDA:0,(anonymous_65)
FNDA:0,(anonymous_66)
FNDA:0,(anonymous_67)
FNDA:0,(anonymous_68)
FNDA:0,(anonymous_69)
FNDA:0,(anonymous_70)
FNDA:0,(anonymous_71)
FNDA:0,(anonymous_72)
DA:1,0
LF:1
LH:0
BRDA:1,0,0,0
BRDA:1,0,1,0
BRDA:1,1,0,0
BRDA:1,1,1,0
BRDA:1,2,0,0
BRDA:1,2,1,0
BRDA:1,3,0,0
BRDA:1,3,1,0
BRDA:1,4,0,0
BRDA:1,4,1,0
BRDA:1,5,0,0
BRDA:1,5,1,0
BRDA:1,6,0,0
BRDA:1,6,1,0
BRDA:1,7,0,0
BRDA:1,7,1,0
BRDA:1,8,0,0
BRDA:1,8,1,0
BRDA:1,9,0,0
BRDA:1,9,1,0
BRDA:1,10,0,0
BRDA:1,10,1,0
BRDA:1,11,0,0
BRDA:1,11,1,0
BRDA:1,12,0,0
BRDA:1,12,1,0
BRDA:1,13,0,0
BRDA:1,13,1,0
BRDA:1,14,0,0
BRDA:1,14,1,0
BRDA:1,14,2,0
BRDA:1,14,3,0
BRDA:1,15,0,0
BRDA:1,15,1,0
BRDA:1,16,0,0
BRDA:1,16,1,0
BRDA:1,17,0,0
BRDA:1,17,1,0
BRDA:1,18,0,0
BRDA:1,18,1,0
BRDA:1,19,0,0
BRDA:1,19,1,0
BRDA:1,20,0,0
BRDA:1,20,1,0
BRDA:1,21,0,0
BRDA:1,21,1,0
BRDA:1,22,0,0
BRDA:1,22,1,0
BRDA:1,23,0,0
BRDA:1,23,1,0
BRDA:1,24,0,0
BRDA:1,24,1,0
BRDA:1,25,0,0
BRDA:1,25,1,0
BRDA:1,26,0,0
BRDA:1,26,1,0
BRDA:1,27,0,0
BRDA:1,27,1,0
BRDA:1,28,0,0
BRDA:1,28,1,0
BRF:60
BRH:0
end_of_record
TN:
SF:/Users/eddie/work/mobile/conference-app/web-build/static/js/runtime~app.2dbaae62.js
FN:1,(anonymous_0)
FN:1,r
FN:1,t
FN:1,f
FN:1,(anonymous_4)
FN:1,(anonymous_5)
FN:1,(anonymous_6)
FN:1,(anonymous_7)
FN:1,(anonymous_8)
FN:1,(anonymous_9)
FN:1,(anonymous_10)
FN:1,(anonymous_11)
FNF:12
FNH:0
FNDA:0,(anonymous_0)
FNDA:0,r
FNDA:0,t
FNDA:0,f
FNDA:0,(anonymous_4)
FNDA:0,(anonymous_5)
FNDA:0,(anonymous_6)
FNDA:0,(anonymous_7)
FNDA:0,(anonymous_8)
FNDA:0,(anonymous_9)
FNDA:0,(anonymous_10)
FNDA:0,(anonymous_11)
DA:1,0
LF:1
LH:0
BRDA:1,0,0,0
BRDA:1,0,1,0
BRDA:1,1,0,0
BRDA:1,1,1,0
BRDA:1,2,0,0
BRDA:1,2,1,0
BRDA:1,3,0,0
BRDA:1,3,1,0
BRDA:1,4,0,0
BRDA:1,4,1,0
BRDA:1,5,0,0
BRDA:1,5,1,0
BRDA:1,6,0,0
BRDA:1,6,1,0
BRDA:1,7,0,0
BRDA:1,7,1,0
BRDA:1,8,0,0
BRDA:1,8,1,0
BRDA:1,8,2,0
BRDA:1,9,0,0
BRDA:1,9,1,0
BRDA:1,10,0,0
BRDA:1,10,1,0
BRDA:1,11,0,0
BRDA:1,11,1,0
BRDA:1,12,0,0
BRDA:1,12,1,0
BRDA:1,12,2,0
BRDA:1,12,3,0
BRDA:1,13,0,0
BRDA:1,13,1,0
BRDA:1,14,0,0
BRDA:1,14,1,0
BRDA:1,15,0,0
BRDA:1,15,1,0
BRDA:1,16,0,0
BRDA:1,16,1,0
BRDA:1,17,0,0
BRDA:1,17,1,0
BRF:39
BRH:0
end_of_record
